Sanity check
Sanity check
Sanity check
Sanity check
Sanity check
Sanity check
Sanity check
Sanity check
Sanity check
Sanity check
Sanity check
Sanity check
Sanity check
Sanity check
Sanity check
Sanity check
Parsed machine file
Parsed machine file
Parsed machine file
Parsed machine file
Parsed machine file
Parsed machine file
Parsed machine file
Parsed machine file
Parsed machine file
Parsed machine file
Parsed machine file
Parsed machine file
Parsed machine file
Parsed machine file
Parsed machine file
Parsed machine file
Broadcasted topology
Broadcasted topology
Broadcasted topology
Broadcasted topology
Broadcasted topology
Broadcasted topology
Broadcasted topology
Broadcasted topology
Broadcasted topology
Broadcasted topology
Broadcasted topology
Broadcasted topology
Broadcasted topology
Broadcasted topology
Broadcasted topology
Broadcasted topology
Initialised core
Initialised core
Initialised core
Initialised core
Initialised core
before barrier
Initialised core
Initialised core
Initialised core
Initialised core
Initialised core
Initialised core
Initialised core
Initialised core
before barrier
Initialised core
Initialised core
Initialised core
before barrier
before barrier
before barrier
before barrier
before barrier
before barrier
before barrier
before barrier
before barrier
before barrier
before barrier
before barrier
before barrier
before barrier
after barrier
after barrier
after barrier
after barrier
after barrier
after barrier
after barrier

 Initializing OP2
after barrier
after barrier
after barrier
after barrier
after barrier
after barrier
after barrier
after barrier
after barrier
initialising flow field
reading in grid 
Global number of nodes, cells, edges, bedges = 721801, 720000, 1438600, 2800
Number of nodes, cells, edges, bedges on process 0 = 45113, 45000, 89913, 175
Max total file read time = 3.400087

  OP diagnostic output
  --------------------

       set       size
  -------------------
     nodes      45113
     edges      89913
    bedges        175
     cells      45000

       map        dim       from         to
  -----------------------------------------
     pedge          2      edges      nodes
    pecell          2      edges      cells
    pbedge          2     bedges      nodes
   pbecell          1     bedges      cells
     pcell          4      cells      nodes

       dat        dim        set
  ------------------------------
   p_bound          1     bedges
       p_x          2      nodes
       p_q          4      cells
    p_qold          4      cells
     p_adt          1      cells
     p_res          4      cells

before partition!
OP2 Library Not built with Partitioning Library : PTSCOTCH
Ignoring input routine : KWAY
Ignoring input mapping : cells
Ignoring input mapping : pecell
Ignoring input data : p_x
Reverting to trivial block partitioning

  OP diagnostic output
  --------------------

       set       size
  -------------------
     nodes      45113
     edges      89913
    bedges        175
     cells      45000

       map        dim       from         to
  -----------------------------------------
     pedge          2      edges      nodes
    pecell          2      edges      cells
    pbedge          2     bedges      nodes
   pbecell          1     bedges      cells
     pcell          4      cells      nodes

       dat        dim        set
  ------------------------------
   p_bound          1     bedges
       p_x          2      nodes
       p_q          4      cells
    p_qold          4      cells
     p_adt          1      cells
     p_res          4      cells

before partition!

  OP diagnostic output
  --------------------

       set       size
  -------------------
     nodes      45113
     edges      89913
    bedges        175
     cells      45000

       map        dim       from         to
  -----------------------------------------
     pedge          2      edges      nodes
    pecell          2      edges      cells
    pbedge          2     bedges      nodes
   pbecell          1     bedges      cells
     pcell          4      cells      nodes

       dat        dim        set
  ------------------------------
   p_bound          1     bedges
       p_x          2      nodes
       p_q          4      cells
    p_qold          4      cells
     p_adt          1      cells
     p_res          4      cells

before partition!

  OP diagnostic output
  --------------------

       set       size
  -------------------
     nodes      45112
     edges      89912
    bedges        175
     cells      45000

       map        dim       from         to
  -----------------------------------------
     pedge          2      edges      nodes
    pecell          2      edges      cells
    pbedge          2     bedges      nodes
   pbecell          1     bedges      cells
     pcell          4      cells      nodes

       dat        dim        set
  ------------------------------
   p_bound          1     bedges
       p_x          2      nodes
       p_q          4      cells
    p_qold          4      cells
     p_adt          1      cells
     p_res          4      cells

before partition!

  OP diagnostic output
  --------------------

       set       size
  -------------------
     nodes      45113
     edges      89912
    bedges        175
     cells      45000

       map        dim       from         to
  -----------------------------------------
     pedge          2      edges      nodes
    pecell          2      edges      cells
    pbedge          2     bedges      nodes
   pbecell          1     bedges      cells
     pcell          4      cells      nodes

       dat        dim        set
  ------------------------------
   p_bound          1     bedges
       p_x          2      nodes
       p_q          4      cells
    p_qold          4      cells
     p_adt          1      cells
     p_res          4      cells

before partition!

  OP diagnostic output
  --------------------

       set       size
  -------------------
     nodes      45113
     edges      89913
    bedges        175
     cells      45000

       map        dim       from         to
  -----------------------------------------
     pedge          2      edges      nodes
    pecell          2      edges      cells
    pbedge          2     bedges      nodes
   pbecell          1     bedges      cells
     pcell          4      cells      nodes

       dat        dim        set
  ------------------------------
   p_bound          1     bedges
       p_x          2      nodes
       p_q          4      cells
    p_qold          4      cells
     p_adt          1      cells
     p_res          4      cells

before partition!

  OP diagnostic output
  --------------------

       set       size
  -------------------
     nodes      45113
     edges      89913
    bedges        175
     cells      45000

       map        dim       from         to
  -----------------------------------------
     pedge          2      edges      nodes
    pecell          2      edges      cells
    pbedge          2     bedges      nodes
   pbecell          1     bedges      cells
     pcell          4      cells      nodes

       dat        dim        set
  ------------------------------
   p_bound          1     bedges
       p_x          2      nodes
       p_q          4      cells
    p_qold          4      cells
     p_adt          1      cells
     p_res          4      cells

before partition!

  OP diagnostic output
  --------------------

       set       size
  -------------------
     nodes      45112
     edges      89912
    bedges        175
     cells      45000

       map        dim       from         to
  -----------------------------------------
     pedge          2      edges      nodes
    pecell          2      edges      cells
    pbedge          2     bedges      nodes
   pbecell          1     bedges      cells
     pcell          4      cells      nodes

       dat        dim        set
  ------------------------------
   p_bound          1     bedges
       p_x          2      nodes
       p_q          4      cells
    p_qold          4      cells
     p_adt          1      cells
     p_res          4      cells

before partition!

  OP diagnostic output
  --------------------

       set       size
  -------------------
     nodes      45113
     edges      89913
    bedges        175
     cells      45000

       map        dim       from         to
  -----------------------------------------
     pedge          2      edges      nodes
    pecell          2      edges      cells
    pbedge          2     bedges      nodes
   pbecell          1     bedges      cells
     pcell          4      cells      nodes

       dat        dim        set
  ------------------------------
   p_bound          1     bedges
       p_x          2      nodes
       p_q          4      cells
    p_qold          4      cells
     p_adt          1      cells
     p_res          4      cells

before partition!

  OP diagnostic output
  --------------------

       set       size
  -------------------
     nodes      45112
     edges      89912
    bedges        175
     cells      45000

       map        dim       from         to
  -----------------------------------------
     pedge          2      edges      nodes
    pecell          2      edges      cells
    pbedge          2     bedges      nodes
   pbecell          1     bedges      cells
     pcell          4      cells      nodes

       dat        dim        set
  ------------------------------
   p_bound          1     bedges
       p_x          2      nodes
       p_q          4      cells
    p_qold          4      cells
     p_adt          1      cells
     p_res          4      cells

before partition!

  OP diagnostic output
  --------------------

       set       size
  -------------------
     nodes      45112
     edges      89912
    bedges        175
     cells      45000

       map        dim       from         to
  -----------------------------------------
     pedge          2      edges      nodes
    pecell          2      edges      cells
    pbedge          2     bedges      nodes
   pbecell          1     bedges      cells
     pcell          4      cells      nodes

       dat        dim        set
  ------------------------------
   p_bound          1     bedges
       p_x          2      nodes
       p_q          4      cells
    p_qold          4      cells
     p_adt          1      cells
     p_res          4      cells

before partition!

  OP diagnostic output
  --------------------

       set       size
  -------------------
     nodes      45112
     edges      89912
    bedges        175
     cells      45000

       map        dim       from         to
  -----------------------------------------
     pedge          2      edges      nodes
    pecell          2      edges      cells
    pbedge          2     bedges      nodes
   pbecell          1     bedges      cells
     pcell          4      cells      nodes

       dat        dim        set
  ------------------------------
   p_bound          1     bedges
       p_x          2      nodes
       p_q          4      cells
    p_qold          4      cells
     p_adt          1      cells
     p_res          4      cells

before partition!

  OP diagnostic output
  --------------------

       set       size
  -------------------
     nodes      45113
     edges      89913
    bedges        175
     cells      45000

       map        dim       from         to
  -----------------------------------------
     pedge          2      edges      nodes
    pecell          2      edges      cells
    pbedge          2     bedges      nodes
   pbecell          1     bedges      cells
     pcell          4      cells      nodes

       dat        dim        set
  ------------------------------
   p_bound          1     bedges
       p_x          2      nodes
       p_q          4      cells
    p_qold          4      cells
     p_adt          1      cells
     p_res          4      cells

before partition!

  OP diagnostic output
  --------------------

       set       size
  -------------------
     nodes      45112
     edges      89912
    bedges        175
     cells      45000

       map        dim       from         to
  -----------------------------------------
     pedge          2      edges      nodes
    pecell          2      edges      cells
    pbedge          2     bedges      nodes
   pbecell          1     bedges      cells
     pcell          4      cells      nodes

       dat        dim        set
  ------------------------------
   p_bound          1     bedges
       p_x          2      nodes
       p_q          4      cells
    p_qold          4      cells
     p_adt          1      cells
     p_res          4      cells

before partition!

  OP diagnostic output
  --------------------

       set       size
  -------------------
     nodes      45113
     edges      89913
    bedges        175
     cells      45000

       map        dim       from         to
  -----------------------------------------
     pedge          2      edges      nodes
    pecell          2      edges      cells
    pbedge          2     bedges      nodes
   pbecell          1     bedges      cells
     pcell          4      cells      nodes

       dat        dim        set
  ------------------------------
   p_bound          1     bedges
       p_x          2      nodes
       p_q          4      cells
    p_qold          4      cells
     p_adt          1      cells
     p_res          4      cells

before partition!

  OP diagnostic output
  --------------------

       set       size
  -------------------
     nodes      45112
     edges      89912
    bedges        175
     cells      45000

       map        dim       from         to
  -----------------------------------------
     pedge          2      edges      nodes
    pecell          2      edges      cells
    pbedge          2     bedges      nodes
   pbecell          1     bedges      cells
     pcell          4      cells      nodes

       dat        dim        set
  ------------------------------
   p_bound          1     bedges
       p_x          2      nodes
       p_q          4      cells
    p_qold          4      cells
     p_adt          1      cells
     p_res          4      cells

before partition!
Num of    nodes (avg | min | max)
total elems              45112      45112      45113
core elems              45112      45112      45113 
exec halo elems              0          0          0 
non-exec halo elems       2506       1202       2980 
-----------------------------------------------------
Num of    edges (avg | min | max)
total elems              89912      89912      89913
core elems              87569      87137      88039 
exec halo elems           2343        525       2924 
non-exec halo elems          0          0          0 
-----------------------------------------------------
Num of   bedges (avg | min | max)
total elems                175        175        175
core elems                 16          0        175 
exec halo elems            159         38       1275 
non-exec halo elems          0          0          0 
-----------------------------------------------------
Num of    cells (avg | min | max)
total elems              45000      45000      45000
core elems              43874      43873      43875 
exec halo elems           1125         75       1277 
non-exec halo elems       1281       1124       1300 
-----------------------------------------------------


MPI neighbors for exchanging    nodes (avg | min | max)
exec halo elems        0    0    0
non-exec halo elems    4    1    8
-----------------------------------------------------
MPI neighbors for exchanging    edges (avg | min | max)
exec halo elems        1    1    2
non-exec halo elems    0    0    0
-----------------------------------------------------
MPI neighbors for exchanging   bedges (avg | min | max)
exec halo elems        2    1    8
non-exec halo elems    0    0    0
-----------------------------------------------------
MPI neighbors for exchanging    cells (avg | min | max)
exec halo elems        1    1    2
non-exec halo elems    4    1    8
-----------------------------------------------------
Max total halo creation time = 0.724945
Average (worst case) Halo size = 291117 Bytes
Dat:     p_q: Rank 0 export remote info --- other rank: 1, receive_offset:     312 at recv offset addr 0x1ef7220 export exec list ptr 0x1ef7650
Dat:  p_qold: Rank 0 export remote info --- other rank: 1, receive_offset:   41144 at recv offset addr 0x1ef72c0 export exec list ptr 0x1ef7650
Dat:   p_adt: Rank 0 export remote info --- other rank: 1, receive_offset:   81976 at recv offset addr 0x1ef73c0 export exec list ptr 0x1ef7650
Dat:   p_res: Rank 0 export remote info --- other rank: 1, receive_offset:   92184 at recv offset addr 0x1ef74c0 export exec list ptr 0x1ef7650
Passed end barrier
Rank 0 segment sizes:
 - EEH: 117000b 
 - ENH 63064b 
 - IEH 9104b 
 - INH 136128b 
 - MSC 1048576b 
Dat: p_bound: Rank 5 export remote info --- other rank: 12, receive_offset:     104 at recv offset addr 0x1d75d40 export exec list ptr 0x1d68060
Dat: p_bound: Rank 5 export remote info --- other rank: 13, receive_offset:       0 at recv offset addr 0x1d75d48 export exec list ptr 0x1d68060
Dat: p_bound: Rank 5 export remote info --- other rank: 14, receive_offset:       0 at recv offset addr 0x1d75d50 export exec list ptr 0x1d68060
Dat: p_bound: Rank 5 export remote info --- other rank: 15, receive_offset:       0 at recv offset addr 0x1d75d58 export exec list ptr 0x1d68060
Dat:     p_q: Rank 5 export remote info --- other rank: 4, receive_offset:   29072 at recv offset addr 0x652fed0 export exec list ptr 0x257ba30
Dat:     p_q: Rank 5 export remote info --- other rank: 6, receive_offset:     304 at recv offset addr 0x652fed8 export exec list ptr 0x257ba30
Dat:  p_qold: Rank 5 export remote info --- other rank: 4, receive_offset:   69936 at recv offset addr 0x3867320 export exec list ptr 0x257ba30
Dat:  p_qold: Rank 5 export remote info --- other rank: 6, receive_offset:   41168 at recv offset addr 0x3867328 export exec list ptr 0x257ba30
Dat:   p_adt: Rank 5 export remote info --- other rank: 4, receive_offset:   89224 at recv offset addr 0x1d75e00 export exec list ptr 0x257ba30
Dat:   p_adt: Rank 5 export remote info --- other rank: 6, receive_offset:   82032 at recv offset addr 0x1d75e08 export exec list ptr 0x257ba30
Dat:   p_res: Rank 5 export remote info --- other rank: 4, receive_offset:  121016 at recv offset addr 0x3c16440 export exec list ptr 0x257ba30
Dat:   p_res: Rank 5 export remote info --- other rank: 6, receive_offset:   92248 at recv offset addr 0x3c16448 export exec list ptr 0x257ba30
Passed end barrier
Rank 5 segment sizes:
 - EEH: 117816b 
 - ENH 179976b 
 - IEH 133016b 
 - INH 176272b 
 - MSC 1048576b 
Dat: p_bound: Rank 11 export remote info --- other rank: 15, receive_offset:    3852 at recv offset addr 0x7da9e80 export exec list ptr 0xee1060
Dat:     p_q: Rank 11 export remote info --- other rank: 10, receive_offset:   14616 at recv offset addr 0x7d1b8d0 export exec list ptr 0x5bb7b60
Dat:     p_q: Rank 11 export remote info --- other rank: 12, receive_offset:     312 at recv offset addr 0x7d1b8d8 export exec list ptr 0x5bb7b60
Dat:  p_qold: Rank 11 export remote info --- other rank: 10, receive_offset:   55416 at recv offset addr 0xeeee10 export exec list ptr 0x5bb7b60
Dat:  p_qold: Rank 11 export remote info --- other rank: 12, receive_offset:   41112 at recv offset addr 0xeeee18 export exec list ptr 0x5bb7b60
Dat:   p_adt: Rank 11 export remote info --- other rank: 10, receive_offset:   85488 at recv offset addr 0xeeef20 export exec list ptr 0x5bb7b60
Dat:   p_adt: Rank 11 export remote info --- other rank: 12, receive_offset:   81912 at recv offset addr 0xeeef28 export exec list ptr 0x5bb7b60
Dat:   p_res: Rank 11 export remote info --- other rank: 10, receive_offset:  106416 at recv offset addr 0xeeeff0 export exec list ptr 0x5bb7b60
Dat:   p_res: Rank 11 export remote info --- other rank: 12, receive_offset:   92112 at recv offset addr 0xeeeff8 export exec list ptr 0x5bb7b60
Passed end barrier
Rank 11 segment sizes:
 - EEH: 117804b 
 - ENH 183160b 
 - IEH 133008b 
 - INH 177976b 
 - MSC 1048576b 
Dat: p_bound: Rank 6 export remote info --- other rank: 15, receive_offset:     352 at recv offset addr 0x5e923e0 export exec list ptr 0x1e14060
Dat:     p_q: Rank 6 export remote info --- other rank: 5, receive_offset:   26648 at recv offset addr 0x1e21e60 export exec list ptr 0x4ef4f70
Dat:     p_q: Rank 6 export remote info --- other rank: 7, receive_offset:     312 at recv offset addr 0x1e21e68 export exec list ptr 0x4ef4f70
Dat:  p_qold: Rank 6 export remote info --- other rank: 5, receive_offset:   67480 at recv offset addr 0x1e21ec0 export exec list ptr 0x4ef4f70
Dat:  p_qold: Rank 6 export remote info --- other rank: 7, receive_offset:   41144 at recv offset addr 0x1e21ec8 export exec list ptr 0x4ef4f70
Dat:   p_adt: Rank 6 export remote info --- other rank: 5, receive_offset:   88560 at recv offset addr 0x1e21fd0 export exec list ptr 0x4ef4f70
Dat:   p_adt: Rank 6 export remote info --- other rank: 7, receive_offset:   81976 at recv offset addr 0x1e21fd8 export exec list ptr 0x4ef4f70
Dat:   p_res: Rank 6 export remote info --- other rank: 5, receive_offset:  118520 at recv offset addr 0x1e21ff0 export exec list ptr 0x4ef4f70
Dat:   p_res: Rank 6 export remote info --- other rank: 7, receive_offset:   92184 at recv offset addr 0x1e21ff8 export exec list ptr 0x4ef4f70
Passed end barrier
Rank 6 segment sizes:
 - EEH: 117700b 
 - ENH 180048b 
 - IEH 133112b 
 - INH 176272b 
 - MSC 1048576b 
Dat: p_bound: Rank 15 export remote info --- other rank: 0, receive_offset:    1048 at recv offset addr 0x1bb5e30 export exec list ptr 0x1bca060
Dat: p_bound: Rank 15 export remote info --- other rank: 1, receive_offset:     156 at recv offset addr 0x1bb5e38 export exec list ptr 0x1bca060
Dat: p_bound: Rank 15 export remote info --- other rank: 2, receive_offset:       0 at recv offset addr 0x1bb5e40 export exec list ptr 0x1bca060
Dat: p_bound: Rank 15 export remote info --- other rank: 3, receive_offset:      56 at recv offset addr 0x1bb5e48 export exec list ptr 0x1bca060
Dat: p_bound: Rank 15 export remote info --- other rank: 4, receive_offset:     204 at recv offset addr 0x1bb5e50 export exec list ptr 0x1bca060
Dat:     p_q: Rank 15 export remote info --- other rank: 14, receive_offset:    5080 at recv offset addr 0x57b3fb0 export exec list ptr 0x48c4a90
Dat:  p_qold: Rank 15 export remote info --- other rank: 14, receive_offset:   45880 at recv offset addr 0xa559ec0 export exec list ptr 0x48c4a90
Dat:   p_adt: Rank 15 export remote info --- other rank: 14, receive_offset:   83104 at recv offset addr 0xa559e80 export exec list ptr 0x48c4a90
Dat:   p_res: Rank 15 export remote info --- other rank: 14, receive_offset:   96880 at recv offset addr 0x1bd7de0 export exec list ptr 0x48c4a90
Passed end barrier
Rank 15 segment sizes:
 - EEH: 117820b 
 - ENH 179816b 
 - IEH 12900b 
 - INH 165232b 
 - MSC 1048576b 
Dat: p_bound: Rank 7 export remote info --- other rank: 15, receive_offset:    1052 at recv offset addr 0x231d750 export exec list ptr 0x2560300
Dat:     p_q: Rank 7 export remote info --- other rank: 6, receive_offset:   24240 at recv offset addr 0x77d0800 export exec list ptr 0x2c42ef0
Dat:     p_q: Rank 7 export remote info --- other rank: 8, receive_offset:     312 at recv offset addr 0x77d0808 export exec list ptr 0x2c42ef0
Dat:  p_qold: Rank 7 export remote info --- other rank: 6, receive_offset:   65104 at recv offset addr 0x735ca10 export exec list ptr 0x2c42ef0
Dat:  p_qold: Rank 7 export remote info --- other rank: 8, receive_offset:   41144 at recv offset addr 0x735ca18 export exec list ptr 0x2c42ef0
Dat:   p_adt: Rank 7 export remote info --- other rank: 6, receive_offset:   88016 at recv offset addr 0x735cb20 export exec list ptr 0x2c42ef0
Dat:   p_adt: Rank 7 export remote info --- other rank: 8, receive_offset:   81976 at recv offset addr 0x735cb28 export exec list ptr 0x2c42ef0
Dat:   p_res: Rank 7 export remote info --- other rank: 6, receive_offset:  116184 at recv offset addr 0x73624e0 export exec list ptr 0x2c42ef0
Dat:   p_res: Rank 7 export remote info --- other rank: 8, receive_offset:   92184 at recv offset addr 0x73624e8 export exec list ptr 0x2c42ef0
Passed end barrier
Rank 7 segment sizes:
 - EEH: 117804b 
 - ENH 179976b 
 - IEH 133016b 
 - INH 176376b 
 - MSC 1048576b 
Dat: p_bound: Rank 2 export remote info --- other rank: 0, receive_offset:     700 at recv offset addr 0x23ffd80 export exec list ptr 0x42296e0
Dat: p_bound: Rank 2 export remote info --- other rank: 1, receive_offset:       0 at recv offset addr 0x23ffd88 export exec list ptr 0x42296e0
Dat: p_bound: Rank 2 export remote info --- other rank: 3, receive_offset:       0 at recv offset addr 0x23ffd90 export exec list ptr 0x42296e0
Dat:     p_q: Rank 2 export remote info --- other rank: 1, receive_offset:   36312 at recv offset addr 0x5e00d10 export exec list ptr 0x4229e90
Dat:     p_q: Rank 2 export remote info --- other rank: 3, receive_offset:     212 at recv offset addr 0x5e00d18 export exec list ptr 0x4229e90
Dat:  p_qold: Rank 2 export remote info --- other rank: 1, receive_offset:   77144 at recv offset addr 0x5e00d90 export exec list ptr 0x4229e90
Dat:  p_qold: Rank 2 export remote info --- other rank: 3, receive_offset:   41044 at recv offset addr 0x5e00d98 export exec list ptr 0x4229e90
Dat:   p_adt: Rank 2 export remote info --- other rank: 1, receive_offset:   90976 at recv offset addr 0x5e00e00 export exec list ptr 0x4229e90
Dat:   p_adt: Rank 2 export remote info --- other rank: 3, receive_offset:   81876 at recv offset addr 0x5e00e08 export exec list ptr 0x4229e90
Dat:   p_res: Rank 2 export remote info --- other rank: 1, receive_offset:  128184 at recv offset addr 0x5c8d460 export exec list ptr 0x4229e90
Dat:   p_res: Rank 2 export remote info --- other rank: 3, receive_offset:   92084 at recv offset addr 0x5c8d468 export exec list ptr 0x4229e90
Passed end barrier
Rank 2 segment sizes:
 - EEH: 117560b 
 - ENH 175608b 
 - IEH 132960b 
 - INH 171608b 
 - MSC 1048576b 
Dat: p_bound: Rank 3 export remote info --- other rank: 4, receive_offset:       0 at recv offset addr 0x5670260 export exec list ptr 0x3e34da0
Dat: p_bound: Rank 3 export remote info --- other rank: 5, receive_offset:       0 at recv offset addr 0x5670268 export exec list ptr 0x3e34da0
Dat: p_bound: Rank 3 export remote info --- other rank: 6, receive_offset:       0 at recv offset addr 0x5670270 export exec list ptr 0x3e34da0
Dat: p_bound: Rank 3 export remote info --- other rank: 7, receive_offset:       0 at recv offset addr 0x5670278 export exec list ptr 0x3e34da0
Dat: p_bound: Rank 3 export remote info --- other rank: 8, receive_offset:       0 at recv offset addr 0x5670280 export exec list ptr 0x3e34da0
Dat:     p_q: Rank 3 export remote info --- other rank: 2, receive_offset:   33752 at recv offset addr 0x49da530 export exec list ptr 0x3e34ed0
Dat:     p_q: Rank 3 export remote info --- other rank: 4, receive_offset:     304 at recv offset addr 0x49da538 export exec list ptr 0x3e34ed0
Dat:  p_qold: Rank 3 export remote info --- other rank: 2, receive_offset:   74616 at recv offset addr 0x29ffd40 export exec list ptr 0x3e34ed0
Dat:  p_qold: Rank 3 export remote info --- other rank: 4, receive_offset:   41168 at recv offset addr 0x29ffd48 export exec list ptr 0x3e34ed0
Dat:   p_adt: Rank 3 export remote info --- other rank: 2, receive_offset:   90280 at recv offset addr 0x56707f0 export exec list ptr 0x3e34ed0
Dat:   p_adt: Rank 3 export remote info --- other rank: 4, receive_offset:   82032 at recv offset addr 0x56707f8 export exec list ptr 0x3e34ed0
Dat:   p_res: Rank 3 export remote info --- other rank: 2, receive_offset:  125696 at recv offset addr 0x20da870 export exec list ptr 0x3e34ed0
Dat:   p_res: Rank 3 export remote info --- other rank: 4, receive_offset:   92248 at recv offset addr 0x20da878 export exec list ptr 0x3e34ed0
Passed end barrier
Rank 3 segment sizes:
 - EEH: 117724b 
 - ENH 176872b 
 - IEH 132916b 
 - INH 173256b 
 - MSC 1048576b 
Dat: p_bound: Rank 14 export remote info --- other rank: 4, receive_offset:     152 at recv offset addr 0xa3d68c0 export exec list ptr 0x2035060
Dat: p_bound: Rank 14 export remote info --- other rank: 5, receive_offset:     156 at recv offset addr 0xa3d68c8 export exec list ptr 0x2035060
Dat: p_bound: Rank 14 export remote info --- other rank: 6, receive_offset:     152 at recv offset addr 0xa3d68d0 export exec list ptr 0x2035060
Dat: p_bound: Rank 14 export remote info --- other rank: 7, receive_offset:     156 at recv offset addr 0xa3d68d8 export exec list ptr 0x2035060
Dat: p_bound: Rank 14 export remote info --- other rank: 8, receive_offset:     156 at recv offset addr 0xa3d68e0 export exec list ptr 0x2035060
Dat: p_bound: Rank 14 export remote info --- other rank: 9, receive_offset:     256 at recv offset addr 0xa3d68e8 export exec list ptr 0x2035060
Dat:     p_q: Rank 14 export remote info --- other rank: 13, receive_offset:    7324 at recv offset addr 0x598a510 export exec list ptr 0x49ec500
Dat:     p_q: Rank 14 export remote info --- other rank: 15, receive_offset:    5100 at recv offset addr 0x598a518 export exec list ptr 0x49ec500
Dat:  p_qold: Rank 14 export remote info --- other rank: 13, receive_offset:   48156 at recv offset addr 0x583c1b0 export exec list ptr 0x49ec500
Dat:  p_qold: Rank 14 export remote info --- other rank: 15, receive_offset:    7500 at recv offset addr 0x583c1b8 export exec list ptr 0x49ec500
Dat:   p_adt: Rank 14 export remote info --- other rank: 13, receive_offset:   83612 at recv offset addr 0x9d6cc70 export exec list ptr 0x49ec500
Dat:   p_adt: Rank 14 export remote info --- other rank: 15, receive_offset:    9900 at recv offset addr 0x9d6cc78 export exec list ptr 0x49ec500
Dat:   p_res: Rank 14 export remote info --- other rank: 13, receive_offset:   99196 at recv offset addr 0xa29f930 export exec list ptr 0x49ec500
Dat:   p_res: Rank 14 export remote info --- other rank: 15, receive_offset:   10500 at recv offset addr 0xa29f938 export exec list ptr 0x49ec500
Passed end barrier
Rank 14 segment sizes:
 - EEH: 117928b 
 - ENH 187856b 
 - IEH 132912b 
 - INH 182880b 
 - MSC 1048576b 
Dat: p_bound: Rank 8 export remote info --- other rank: 15, receive_offset:    1752 at recv offset addr 0xb4db00 export exec list ptr 0xb40060
Dat:     p_q: Rank 8 export remote info --- other rank: 7, receive_offset:   21816 at recv offset addr 0x2625650 export exec list ptr 0x3a2ace0
Dat:     p_q: Rank 8 export remote info --- other rank: 9, receive_offset:     304 at recv offset addr 0x2625658 export exec list ptr 0x3a2ace0
Dat:  p_qold: Rank 8 export remote info --- other rank: 7, receive_offset:   62648 at recv offset addr 0x26256b0 export exec list ptr 0x3a2ace0
Dat:  p_qold: Rank 8 export remote info --- other rank: 9, receive_offset:   41136 at recv offset addr 0x26256b8 export exec list ptr 0x3a2ace0
Dat:   p_adt: Rank 8 export remote info --- other rank: 7, receive_offset:   87352 at recv offset addr 0x26257c0 export exec list ptr 0x3a2ace0
Dat:   p_adt: Rank 8 export remote info --- other rank: 9, receive_offset:   81968 at recv offset addr 0x26257c8 export exec list ptr 0x3a2ace0
Dat:   p_res: Rank 8 export remote info --- other rank: 7, receive_offset:  113688 at recv offset addr 0x26258d0 export exec list ptr 0x3a2ace0
Dat:   p_res: Rank 8 export remote info --- other rank: 9, receive_offset:   92176 at recv offset addr 0x26258d8 export exec list ptr 0x3a2ace0
Passed end barrier
Rank 8 segment sizes:
 - EEH: 117804b 
 - ENH 179992b 
 - IEH 133016b 
 - INH 176376b 
 - MSC 1048576b 
Dat: p_bound: Rank 10 export remote info --- other rank: 15, receive_offset:    3152 at recv offset addr 0x204cb20 export exec list ptr 0x203b060
Dat:     p_q: Rank 10 export remote info --- other rank: 9, receive_offset:   17008 at recv offset addr 0x88204d0 export exec list ptr 0x314ef90
Dat:     p_q: Rank 10 export remote info --- other rank: 11, receive_offset:     304 at recv offset addr 0x88204d8 export exec list ptr 0x314ef90
Dat:  p_qold: Rank 10 export remote info --- other rank: 9, receive_offset:   57840 at recv offset addr 0x204ce90 export exec list ptr 0x314ef90
Dat:  p_qold: Rank 10 export remote info --- other rank: 11, receive_offset:   41136 at recv offset addr 0x204ce98 export exec list ptr 0x314ef90
Dat:   p_adt: Rank 10 export remote info --- other rank: 9, receive_offset:   86144 at recv offset addr 0x204cf50 export exec list ptr 0x314ef90
Dat:   p_adt: Rank 10 export remote info --- other rank: 11, receive_offset:   81968 at recv offset addr 0x204cf58 export exec list ptr 0x314ef90
Dat:   p_res: Rank 10 export remote info --- other rank: 9, receive_offset:  108880 at recv offset addr 0x8363920 export exec list ptr 0x314ef90
Dat:   p_res: Rank 10 export remote info --- other rank: 11, receive_offset:   92176 at recv offset addr 0x8363928 export exec list ptr 0x314ef90
Passed end barrier
Rank 10 segment sizes:
 - EEH: 117908b 
 - ENH 181472b 
 - IEH 132912b 
 - INH 176496b 
 - MSC 1048576b 
Dat: p_bound: Rank 13 export remote info --- other rank: 9, receive_offset:     152 at recv offset addr 0x2fffbb0 export exec list ptr 0x26a1710
Dat: p_bound: Rank 13 export remote info --- other rank: 10, receive_offset:     156 at recv offset addr 0x2fffbb8 export exec list ptr 0x26a1710
Dat: p_bound: Rank 13 export remote info --- other rank: 11, receive_offset:     152 at recv offset addr 0x2fffbc0 export exec list ptr 0x26a1710
Dat: p_bound: Rank 13 export remote info --- other rank: 12, receive_offset:     156 at recv offset addr 0x2fffbc8 export exec list ptr 0x26a1710
Dat:     p_q: Rank 13 export remote info --- other rank: 12, receive_offset:    9848 at recv offset addr 0x9cd6390 export exec list ptr 0x26a1ed0
Dat:     p_q: Rank 13 export remote info --- other rank: 14, receive_offset:     312 at recv offset addr 0x9cd6398 export exec list ptr 0x26a1ed0
Dat:  p_qold: Rank 13 export remote info --- other rank: 12, receive_offset:   50648 at recv offset addr 0x9cd6680 export exec list ptr 0x26a1ed0
Dat:  p_qold: Rank 13 export remote info --- other rank: 14, receive_offset:   41112 at recv offset addr 0x9cd6688 export exec list ptr 0x26a1ed0
Dat:   p_adt: Rank 13 export remote info --- other rank: 12, receive_offset:   84296 at recv offset addr 0x262fff0 export exec list ptr 0x26a1ed0
Dat:   p_adt: Rank 13 export remote info --- other rank: 14, receive_offset:   81912 at recv offset addr 0x262fff8 export exec list ptr 0x26a1ed0
Dat:   p_res: Rank 13 export remote info --- other rank: 12, receive_offset:  101648 at recv offset addr 0x5124510 export exec list ptr 0x26a1ed0
Dat:   p_res: Rank 13 export remote info --- other rank: 14, receive_offset:   92112 at recv offset addr 0x5124518 export exec list ptr 0x26a1ed0
Passed end barrier
Rank 13 segment sizes:
 - EEH: 117672b 
 - ENH 181920b 
 - IEH 132860b 
 - INH 176616b 
 - MSC 1048576b 
Dat: p_bound: Rank 12 export remote info --- other rank: 13, receive_offset:     152 at recv offset addr 0x101bff0 export exec list ptr 0x1030060
Dat: p_bound: Rank 12 export remote info --- other rank: 14, receive_offset:     156 at recv offset addr 0x101bff8 export exec list ptr 0x1030060
Dat: p_bound: Rank 12 export remote info --- other rank: 15, receive_offset:    4552 at recv offset addr 0x101c000 export exec list ptr 0x1030060
Dat:     p_q: Rank 12 export remote info --- other rank: 11, receive_offset:   12240 at recv offset addr 0x805bae0 export exec list ptr 0x10b3e40
Dat:     p_q: Rank 12 export remote info --- other rank: 13, receive_offset:     156 at recv offset addr 0x805bae8 export exec list ptr 0x10b3e40
Dat:  p_qold: Rank 12 export remote info --- other rank: 11, receive_offset:   53072 at recv offset addr 0x1821150 export exec list ptr 0x10b3e40
Dat:  p_qold: Rank 12 export remote info --- other rank: 13, receive_offset:   40988 at recv offset addr 0x1821158 export exec list ptr 0x10b3e40
Dat:   p_adt: Rank 12 export remote info --- other rank: 11, receive_offset:   84952 at recv offset addr 0x18211f0 export exec list ptr 0x10b3e40
Dat:   p_adt: Rank 12 export remote info --- other rank: 13, receive_offset:   81820 at recv offset addr 0x18211f8 export exec list ptr 0x10b3e40
Dat:   p_res: Rank 12 export remote info --- other rank: 11, receive_offset:  104112 at recv offset addr 0x18212c0 export exec list ptr 0x10b3e40
Dat:   p_res: Rank 12 export remote info --- other rank: 13, receive_offset:   92028 at recv offset addr 0x18212c8 export exec list ptr 0x10b3e40
Passed end barrier
Rank 12 segment sizes:
 - EEH: 117916b 
 - ENH 184568b 
 - IEH 132912b 
 - INH 179592b 
 - MSC 1048576b 
Dat: p_bound: Rank 9 export remote info --- other rank: 15, receive_offset:    2452 at recv offset addr 0x1a2a750 export exec list ptr 0x1ac2060
Dat:     p_q: Rank 9 export remote info --- other rank: 8, receive_offset:   19416 at recv offset addr 0x1acfe30 export exec list ptr 0x237b7c0
Dat:     p_q: Rank 9 export remote info --- other rank: 10, receive_offset:     312 at recv offset addr 0x1acfe38 export exec list ptr 0x237b7c0
Dat:  p_qold: Rank 9 export remote info --- other rank: 8, receive_offset:   60248 at recv offset addr 0x1acfe90 export exec list ptr 0x237b7c0
Dat:  p_qold: Rank 9 export remote info --- other rank: 10, receive_offset:   41112 at recv offset addr 0x1acfe98 export exec list ptr 0x237b7c0
Dat:   p_adt: Rank 9 export remote info --- other rank: 8, receive_offset:   86752 at recv offset addr 0x1acff50 export exec list ptr 0x237b7c0
Dat:   p_adt: Rank 9 export remote info --- other rank: 10, receive_offset:   81912 at recv offset addr 0x1acff58 export exec list ptr 0x237b7c0
Dat:   p_res: Rank 9 export remote info --- other rank: 8, receive_offset:  111288 at recv offset addr 0x7cac910 export exec list ptr 0x237b7c0
Dat:   p_res: Rank 9 export remote info --- other rank: 10, receive_offset:   92112 at recv offset addr 0x7cac918 export exec list ptr 0x237b7c0
Passed end barrier
Rank 9 segment sizes:
 - EEH: 117804b 
 - ENH 179976b 
 - IEH 133008b 
 - INH 176376b 
 - MSC 1048576b 
Dat: p_bound: Rank 1 export remote info --- other rank: 0, receive_offset:       0 at recv offset addr 0x2f877b0 export exec list ptr 0x1ecb060
Dat:     p_q: Rank 1 export remote info --- other rank: 0, receive_offset:    1200 at recv offset addr 0x1edcf80 export exec list ptr 0x2fc9bb0
Dat:     p_q: Rank 1 export remote info --- other rank: 2, receive_offset:     152 at recv offset addr 0x1edcf88 export exec list ptr 0x2fc9bb0
Dat:  p_qold: Rank 1 export remote info --- other rank: 0, receive_offset:    3632 at recv offset addr 0x43f0ba0 export exec list ptr 0x2fc9bb0
Dat:  p_qold: Rank 1 export remote info --- other rank: 2, receive_offset:   41016 at recv offset addr 0x43f0ba8 export exec list ptr 0x2fc9bb0
Dat:   p_adt: Rank 1 export remote info --- other rank: 0, receive_offset:    6064 at recv offset addr 0x43f8110 export exec list ptr 0x2fc9bb0
Dat:   p_adt: Rank 1 export remote info --- other rank: 2, receive_offset:   81880 at recv offset addr 0x43f8118 export exec list ptr 0x2fc9bb0
Dat:   p_res: Rank 1 export remote info --- other rank: 0, receive_offset:    6672 at recv offset addr 0x43f8230 export exec list ptr 0x2fc9bb0
Dat:   p_res: Rank 1 export remote info --- other rank: 2, receive_offset:   92096 at recv offset addr 0x43f8238 export exec list ptr 0x2fc9bb0
Passed end barrier
Rank 1 segment sizes:
 - EEH: 117804b 
 - ENH 179856b 
 - IEH 133016b 
 - INH 176376b 
 - MSC 1048576b 
Dat: p_bound: Rank 4 export remote info --- other rank: 8, receive_offset:       4 at recv offset addr 0x167e960 export exec list ptr 0x1671060
Dat: p_bound: Rank 4 export remote info --- other rank: 9, receive_offset:       0 at recv offset addr 0x167e968 export exec list ptr 0x1671060
Dat: p_bound: Rank 4 export remote info --- other rank: 10, receive_offset:       0 at recv offset addr 0x167e970 export exec list ptr 0x1671060
Dat: p_bound: Rank 4 export remote info --- other rank: 11, receive_offset:       0 at recv offset addr 0x167e978 export exec list ptr 0x1671060
Dat: p_bound: Rank 4 export remote info --- other rank: 12, receive_offset:       0 at recv offset addr 0x167e980 export exec list ptr 0x1671060
Dat:     p_q: Rank 4 export remote info --- other rank: 3, receive_offset:   31380 at recv offset addr 0x5297b50 export exec list ptr 0x347cb80
Dat:     p_q: Rank 4 export remote info --- other rank: 5, receive_offset:     312 at recv offset addr 0x5297b58 export exec list ptr 0x347cb80
Dat:  p_qold: Rank 4 export remote info --- other rank: 3, receive_offset:   72212 at recv offset addr 0x15d9750 export exec list ptr 0x347cb80
Dat:  p_qold: Rank 4 export remote info --- other rank: 5, receive_offset:   41144 at recv offset addr 0x15d9758 export exec list ptr 0x347cb80
Dat:   p_adt: Rank 4 export remote info --- other rank: 3, receive_offset:   89668 at recv offset addr 0x5297b10 export exec list ptr 0x347cb80
Dat:   p_adt: Rank 4 export remote info --- other rank: 5, receive_offset:   81976 at recv offset addr 0x5297b18 export exec list ptr 0x347cb80
Dat:   p_res: Rank 4 export remote info --- other rank: 3, receive_offset:  123252 at recv offset addr 0x592ed80 export exec list ptr 0x347cb80
Dat:   p_res: Rank 4 export remote info --- other rank: 5, receive_offset:   92184 at recv offset addr 0x592ed88 export exec list ptr 0x347cb80
Passed end barrier
Rank 4 segment sizes:
 - EEH: 117716b 
 - ENH 179944b 
 - IEH 133112b 
 - INH 176272b 
 - MSC 1048576b 
proc 0 finished GPI initialisation.
after partition!
proc 1 finished GPI initialisation.
after partition!
proc 2 finished GPI initialisation.
after partition!
proc 3 finished GPI initialisation.
after partition!
proc 14 finished GPI initialisation.
after partition!
proc 4 finished GPI initialisation.
after partition!
proc 13 finished GPI initialisation.
after partition!
proc 5 finished GPI initialisation.
after partition!
proc 7 finished GPI initialisation.
after partition!
proc 12 finished GPI initialisation.
after partition!
proc 9 finished GPI initialisation.
after partition!
proc 8 finished GPI initialisation.
after partition!
proc 10 finished GPI initialisation.
after partition!
proc 11 finished GPI initialisation.
after partition!
proc 6 finished GPI initialisation.
after partition!
proc 15 finished GPI initialisation.
after partition!
On rank 12: function gaspi_notify_waitsome(IEH_SEGMENT_ID, dat->index << 7, 10, &notif_id, GPI_TIMEOUT) at src/gpi/op_gpi_rt_support.cpp (256) timed out.
On rank 14: function gaspi_notify_waitsome(IEH_SEGMENT_ID, dat->index << 7, 10, &notif_id, GPI_TIMEOUT) at src/gpi/op_gpi_rt_support.cpp (256) timed out.
On rank 8: function gaspi_notify_waitsome(INH_SEGMENT_ID, dat->index<<7, 10, &notif_id, GPI_TIMEOUT) at src/gpi/op_gpi_rt_support.cpp (348) timed out.
On rank 13: function gaspi_notify_waitsome(IEH_SEGMENT_ID, dat->index << 7, 10, &notif_id, GPI_TIMEOUT) at src/gpi/op_gpi_rt_support.cpp (256) timed out.
On rank 10: function gaspi_notify_waitsome(IEH_SEGMENT_ID, dat->index << 7, 10, &notif_id, GPI_TIMEOUT) at src/gpi/op_gpi_rt_support.cpp (256) timed out.
On rank 5: function gaspi_notify_waitsome(INH_SEGMENT_ID, dat->index<<7, 10, &notif_id, GPI_TIMEOUT) at src/gpi/op_gpi_rt_support.cpp (348) timed out.
On rank 11: function gaspi_notify_waitsome(IEH_SEGMENT_ID, dat->index << 7, 10, &notif_id, GPI_TIMEOUT) at src/gpi/op_gpi_rt_support.cpp (256) timed out.
On rank 6: function gaspi_notify_waitsome(INH_SEGMENT_ID, dat->index<<7, 10, &notif_id, GPI_TIMEOUT) at src/gpi/op_gpi_rt_support.cpp (348) timed out.
On rank 15: function gaspi_notify_waitsome(IEH_SEGMENT_ID, dat->index << 7, 10, &notif_id, GPI_TIMEOUT) at src/gpi/op_gpi_rt_support.cpp (256) timed out.
On rank 4: function gaspi_notify_waitsome(INH_SEGMENT_ID, dat->index<<7, 10, &notif_id, GPI_TIMEOUT) at src/gpi/op_gpi_rt_support.cpp (348) timed out.
On rank 7: function gaspi_notify_waitsome(INH_SEGMENT_ID, dat->index<<7, 10, &notif_id, GPI_TIMEOUT) at src/gpi/op_gpi_rt_support.cpp (348) timed out.
On rank 9: function gaspi_notify_waitsome(IEH_SEGMENT_ID, dat->index << 7, 10, &notif_id, GPI_TIMEOUT) at src/gpi/op_gpi_rt_support.cpp (256) timed out.
On rank 0: function gaspi_allreduce( send_data, (gaspi_pointer_t) receive, (gaspi_number_t) arg->dim, operation, GASPI_TYPE_DOUBLE, GASPI_GROUP_ALL, GPI_TIMEOUT ) at src/gpi/op_gpi_core.cpp (532) timed out.
On rank 2: function gaspi_allreduce( send_data, (gaspi_pointer_t) receive, (gaspi_number_t) arg->dim, operation, GASPI_TYPE_DOUBLE, GASPI_GROUP_ALL, GPI_TIMEOUT ) at src/gpi/op_gpi_core.cpp (532) timed out.
On rank 3: function gaspi_allreduce( send_data, (gaspi_pointer_t) receive, (gaspi_number_t) arg->dim, operation, GASPI_TYPE_DOUBLE, GASPI_GROUP_ALL, GPI_TIMEOUT ) at src/gpi/op_gpi_core.cpp (532) timed out.
On rank 1: function gaspi_allreduce( send_data, (gaspi_pointer_t) receive, (gaspi_number_t) arg->dim, operation, GASPI_TYPE_DOUBLE, GASPI_GROUP_ALL, GPI_TIMEOUT ) at src/gpi/op_gpi_core.cpp (532) timed out.
--------------------------------------------------------------------------
MPI_ABORT was invoked on rank 10 in communicator MPI_COMM_WORLD
with errorcode 1.

NOTE: invoking MPI_ABORT causes Open MPI to kill all MPI processes.
You may or may not see output from other processes, depending on
exactly when Open MPI kills them.
--------------------------------------------------------------------------
[node062.avon.hpc:1653068] PMIX ERROR: UNREACHABLE in file server/pmix_server.c at line 2193
[node062.avon.hpc:1653068] 15 more processes have sent help message help-mpi-api.txt / mpi-abort
[node062.avon.hpc:1653068] Set MCA parameter "orte_base_help_aggregate" to 0 to see all help / error messages
