
 Initializing OP2
initialising flow field
reading in grid 
Global number of nodes, cells, edges, bedges = 721801, 720000, 1438600, 2800
Number of nodes, cells, edges, bedges on process 0 = 180451, 180000, 359650, 700
Max total file read time = 1.557039

  OP diagnostic output
  --------------------

       set       size
  -------------------
     nodes     180451
     edges     359650
    bedges        700
     cells     180000

       map        dim       from         to
  -----------------------------------------
     pedge          2      edges      nodes
    pecell          2      edges      cells
    pbedge          2     bedges      nodes
   pbecell          1     bedges      cells
     pcell          4      cells      nodes

       dat        dim        set
  ------------------------------
   p_bound          1     bedges
       p_x          2      nodes
       p_q          4      cells
    p_qold          4      cells
     p_adt          1      cells
     p_res          4      cells

before partition!
OP2 Library Not built with Partitioning Library : PTSCOTCH
Ignoring input routine : KWAY
Ignoring input mapping : cells
Ignoring input mapping : pecell
Ignoring input data : p_x
Reverting to trivial block partitioning

  OP diagnostic output
  --------------------

       set       size
  -------------------
     nodes     180450
     edges     359650
    bedges        700
     cells     180000

       map        dim       from         to
  -----------------------------------------
     pedge          2      edges      nodes
    pecell          2      edges      cells
    pbedge          2     bedges      nodes
   pbecell          1     bedges      cells
     pcell          4      cells      nodes

       dat        dim        set
  ------------------------------
   p_bound          1     bedges
       p_x          2      nodes
       p_q          4      cells
    p_qold          4      cells
     p_adt          1      cells
     p_res          4      cells

before partition!

  OP diagnostic output
  --------------------

       set       size
  -------------------
     nodes     180450
     edges     359650
    bedges        700
     cells     180000

       map        dim       from         to
  -----------------------------------------
     pedge          2      edges      nodes
    pecell          2      edges      cells
    pbedge          2     bedges      nodes
   pbecell          1     bedges      cells
     pcell          4      cells      nodes

       dat        dim        set
  ------------------------------
   p_bound          1     bedges
       p_x          2      nodes
       p_q          4      cells
    p_qold          4      cells
     p_adt          1      cells
     p_res          4      cells

before partition!

  OP diagnostic output
  --------------------

       set       size
  -------------------
     nodes     180450
     edges     359650
    bedges        700
     cells     180000

       map        dim       from         to
  -----------------------------------------
     pedge          2      edges      nodes
    pecell          2      edges      cells
    pbedge          2     bedges      nodes
   pbecell          1     bedges      cells
     pcell          4      cells      nodes

       dat        dim        set
  ------------------------------
   p_bound          1     bedges
       p_x          2      nodes
       p_q          4      cells
    p_qold          4      cells
     p_adt          1      cells
     p_res          4      cells

before partition!
Num of    nodes (avg | min | max)
total elems             180450     180450     180451
core elems             180450     180450     180451 
exec halo elems              0          0          0 
non-exec halo elems       2353       1352       3105 
-----------------------------------------------------
Num of    edges (avg | min | max)
total elems             359650     359650     359650
core elems             357800     357550     358151 
exec halo elems           1849        700       2899 
non-exec halo elems          0          0          0 
-----------------------------------------------------
Num of   bedges (avg | min | max)
total elems                700        700        700
core elems                199          0        549 
exec halo elems            501        151       1251 
non-exec halo elems          0          0          0 
-----------------------------------------------------
Num of    cells (avg | min | max)
total elems             180000     180000     180000
core elems             179099     179099     179100 
exec halo elems            900        300       1501 
non-exec halo elems       1398       1048       1599 
-----------------------------------------------------


MPI neighbors for exchanging    nodes (avg | min | max)
exec halo elems        0    0    0
non-exec halo elems    2    2    3
-----------------------------------------------------
MPI neighbors for exchanging    edges (avg | min | max)
exec halo elems        1    1    2
non-exec halo elems    0    0    0
-----------------------------------------------------
MPI neighbors for exchanging   bedges (avg | min | max)
exec halo elems        2    1    3
non-exec halo elems    0    0    0
-----------------------------------------------------
MPI neighbors for exchanging    cells (avg | min | max)
exec halo elems        1    1    2
non-exec halo elems    2    1    3
-----------------------------------------------------
Max total halo creation time = 0.212354
Average (worst case) Halo size = 278754 Bytes
Dat: p_bound: Rank 0 export remote info --- other rank: 1, receive_offset:       0 at recv offset addr 0x1606e30 export exec list ptr 0x1626d10
Dat: p_bound: Rank 0 export remote info --- other rank: 2, receive_offset:       0 at recv offset addr 0x1606e38 export exec list ptr 0x1626d10
Dat:     p_q: Rank 0 export remote info --- other rank: 1, receive_offset:    1208 at recv offset addr 0x1616e00 export exec list ptr 0x160af50
Dat:  p_qold: Rank 0 export remote info --- other rank: 1, receive_offset:   49240 at recv offset addr 0x1616ea0 export exec list ptr 0x160af50
Dat:   p_adt: Rank 0 export remote info --- other rank: 1, receive_offset:   97272 at recv offset addr 0x1616f40 export exec list ptr 0x160af50
Dat:   p_res: Rank 0 export remote info --- other rank: 1, receive_offset:  109280 at recv offset addr 0x1606fe0 export exec list ptr 0x160af50
Passed end barrier
Rank 0 segment sizes:
 - EEH: 94208b 
 - ENH 68448b 
 - IEH 31908b 
 - INH 130624b 
 - MSC 1048576b 
Dat: p_bound: Rank 3 export remote info --- other rank: 0, receive_offset:       0 at recv offset addr 0x1ec8ff0 export exec list ptr 0x1fffed0
Dat: p_bound: Rank 3 export remote info --- other rank: 1, receive_offset:     604 at recv offset addr 0x1ec8ff8 export exec list ptr 0x1fffed0
Dat: p_bound: Rank 3 export remote info --- other rank: 2, receive_offset:     604 at recv offset addr 0x1ec9000 export exec list ptr 0x1fffed0
Dat:     p_q: Rank 3 export remote info --- other rank: 2, receive_offset:   20408 at recv offset addr 0x1e30480 export exec list ptr 0x1ffff70
Dat:  p_qold: Rank 3 export remote info --- other rank: 2, receive_offset:   68440 at recv offset addr 0x1e30500 export exec list ptr 0x1ffff70
Dat:   p_adt: Rank 3 export remote info --- other rank: 2, receive_offset:  102072 at recv offset addr 0x1e30580 export exec list ptr 0x1ffff70
Dat:   p_res: Rank 3 export remote info --- other rank: 2, receive_offset:  128480 at recv offset addr 0x1e30600 export exec list ptr 0x1ffff70
Passed end barrier
Rank 3 segment sizes:
 - EEH: 95516b 
 - ENH 200256b 
 - IEH 36204b 
 - INH 169928b 
 - MSC 1048576b 
Dat: p_bound: Rank 2 export remote info --- other rank: 3, receive_offset:    2204 at recv offset addr 0x2730bc0 export exec list ptr 0x25ec150
Dat:     p_q: Rank 2 export remote info --- other rank: 1, receive_offset:   30008 at recv offset addr 0x2730d70 export exec list ptr 0x25ec1f0
Dat:     p_q: Rank 2 export remote info --- other rank: 3, receive_offset:    5004 at recv offset addr 0x2730d78 export exec list ptr 0x25ec1f0
Dat:  p_qold: Rank 2 export remote info --- other rank: 1, receive_offset:   78040 at recv offset addr 0x2730df0 export exec list ptr 0x25ec1f0
Dat:  p_qold: Rank 2 export remote info --- other rank: 3, receive_offset:   14604 at recv offset addr 0x2730df8 export exec list ptr 0x25ec1f0
Dat:   p_adt: Rank 2 export remote info --- other rank: 1, receive_offset:  104472 at recv offset addr 0x2730e70 export exec list ptr 0x25ec1f0
Dat:   p_adt: Rank 2 export remote info --- other rank: 3, receive_offset:   24204 at recv offset addr 0x2730e78 export exec list ptr 0x25ec1f0
Dat:   p_res: Rank 2 export remote info --- other rank: 1, receive_offset:  138080 at recv offset addr 0x2730ef0 export exec list ptr 0x25ec1f0
Dat:   p_res: Rank 2 export remote info --- other rank: 3, receive_offset:   26604 at recv offset addr 0x2730ef8 export exec list ptr 0x25ec1f0
Passed end barrier
Rank 2 segment sizes:
 - EEH: 96504b 
 - ENH 233336b 
 - IEH 157312b 
 - INH 215976b 
 - MSC 1048576b 
Dat: p_bound: Rank 1 export remote info --- other rank: 2, receive_offset:       4 at recv offset addr 0x140fff0 export exec list ptr 0x1377770
Dat: p_bound: Rank 1 export remote info --- other rank: 3, receive_offset:       0 at recv offset addr 0x140fff8 export exec list ptr 0x1377770
Dat:     p_q: Rank 1 export remote info --- other rank: 0, receive_offset:     604 at recv offset addr 0x1419de0 export exec list ptr 0x1405ee0
Dat:     p_q: Rank 1 export remote info --- other rank: 2, receive_offset:    1208 at recv offset addr 0x1419de8 export exec list ptr 0x1405ee0
Dat:  p_qold: Rank 1 export remote info --- other rank: 0, receive_offset:   10236 at recv offset addr 0x1419e60 export exec list ptr 0x1405ee0
Dat:  p_qold: Rank 1 export remote info --- other rank: 2, receive_offset:   49240 at recv offset addr 0x1419e68 export exec list ptr 0x1405ee0
Dat:   p_adt: Rank 1 export remote info --- other rank: 0, receive_offset:   19868 at recv offset addr 0x1419ee0 export exec list ptr 0x1405ee0
Dat:   p_adt: Rank 1 export remote info --- other rank: 2, receive_offset:   97272 at recv offset addr 0x1419ee8 export exec list ptr 0x1405ee0
Dat:   p_res: Rank 1 export remote info --- other rank: 0, receive_offset:   22276 at recv offset addr 0x1419f60 export exec list ptr 0x1405ee0
Dat:   p_res: Rank 1 export remote info --- other rank: 2, receive_offset:  109280 at recv offset addr 0x1419f68 export exec list ptr 0x1405ee0
Passed end barrier
Rank 1 segment sizes:
 - EEH: 96508b 
 - ENH 230240b 
 - IEH 157312b 
 - INH 215752b 
 - MSC 1048576b 
proc 0 finished GPI initialisation.
proc 3 finished GPI initialisation.
proc 2 finished GPI initialisation.
proc 1 finished GPI initialisation.
after partition!
after partition!
after partition!
after partition!
Waiting for queue...
Waiting for queue...
Waiting for queue...
Waiting for queue...
Waiting for queue...
slurmstepd: error: *** JOB 543350 ON node064 CANCELLED AT 2023-04-20T17:14:33 DUE TO TIME LIMIT ***
