[Rank    0]: Error 11 (Resource temporarily unavailable) at (GPI2.c:636):Error: Invalid function (gaspi_proc_rank) before initialization
[Rank    0]: Error 11 (Resource temporarily unavailable) at (GPI2.c:636):Error: Invalid function (gaspi_proc_rank) before initialization
[Rank    0]: Error 11 (Resource temporarily unavailable) at (GPI2.c:636):Error: Invalid function (gaspi_proc_rank) before initialization
[Rank    0]: Error 11 (Resource temporarily unavailable) at (GPI2.c:636):Error: Invalid function (gaspi_proc_rank) before initialization
On rank 24706: function gaspi_proc_init(GPI_TIMEOUT) at src/mpi/op_mpi_decl.cpp (93) timed out.
--------------------------------------------------------------------------
MPI_ABORT was invoked on rank 0 in communicator MPI_COMM_WORLD
with errorcode 1.

NOTE: invoking MPI_ABORT causes Open MPI to kill all MPI processes.
You may or may not see output from other processes, depending on
exactly when Open MPI kills them.
--------------------------------------------------------------------------
[Rank    3]: Error 104 (Connection reset by peer) at (GPI2_SN.c:1151):Failed to read from 0 (56 48 0x17e9ad0 72)
[Rank    3]: Error 104 (Connection reset by peer) at (GPI2_GRP.c:699):Failed to commit to rank 0
On rank 24706: function gaspi_proc_init(GPI_TIMEOUT) at src/mpi/op_mpi_decl.cpp (93) returned GASPI_ERROR.
[Rank    2]: Error 104 (Connection reset by peer) at (GPI2_SN.c:1151):Failed to read from 0 (56 47 0x9bb570 72)
[Rank    2]: Error 104 (Connection reset by peer) at (GPI2_GRP.c:699):Failed to commit to rank 0
On rank 24706: function gaspi_proc_init(GPI_TIMEOUT) at src/mpi/op_mpi_decl.cpp (93) returned GASPI_ERROR.
[node064.avon.hpc:1486162] 2 more processes have sent help message help-mpi-api.txt / mpi-abort
[node064.avon.hpc:1486162] Set MCA parameter "orte_base_help_aggregate" to 0 to see all help / error messages
