Sanity check
Sanity check
Sanity check
Sanity check
Sanity check
Sanity check
Sanity check
Sanity check
Parsed machine file
Parsed machine file
Parsed machine file
Parsed machine file
Parsed machine file
Parsed machine file
Parsed machine file
Parsed machine file
Broadcasted topology
Broadcasted topology
Broadcasted topology
Broadcasted topology
Broadcasted topology
Broadcasted topology
Broadcasted topology
Broadcasted topology
Initialised core
Initialised core
Initialised core
before barrier
before barrier
Initialised core
Initialised core
Initialised core
Initialised core
before barrier
Initialised core
before barrier
before barrier
after barrier
On rank 0: function gaspi_proc_init(GPI_TIMEOUT*4) at src/mpi/op_mpi_decl.cpp (93) timed out.
before barrier
--------------------------------------------------------------------------
MPI_ABORT was invoked on rank 0 in communicator MPI_COMM_WORLD
with errorcode 1.

NOTE: invoking MPI_ABORT causes Open MPI to kill all MPI processes.
You may or may not see output from other processes, depending on
exactly when Open MPI kills them.
--------------------------------------------------------------------------
after barrier
On rank 0: function gaspi_proc_init(GPI_TIMEOUT*4) at src/mpi/op_mpi_decl.cpp (93) returned GASPI_ERROR.
On rank 0: function gaspi_proc_init(GPI_TIMEOUT*4) at src/mpi/op_mpi_decl.cpp (93) returned GASPI_ERROR.
[node067.avon.hpc:2079584] 2 more processes have sent help message help-mpi-api.txt / mpi-abort
[node067.avon.hpc:2079584] Set MCA parameter "orte_base_help_aggregate" to 0 to see all help / error messages
