Sanity check
Sanity check
Sanity check
Sanity check
Sanity check
Sanity check
Sanity check
Sanity check
Parsed machine file
Parsed machine file
Parsed machine file
Parsed machine file
Parsed machine file
Parsed machine file
Parsed machine file
Parsed machine file
Broadcasted topology
Broadcasted topology
Broadcasted topology
Broadcasted topology
Broadcasted topology
Broadcasted topology
Broadcasted topology
Broadcasted topology
Initialised core
Initialised core
Initialised core
Initialised core
Initialised core
Initialised core
Initialised core
Initialised core
before barrier
before barrier
before barrier
before barrier
before barrier
before barrier
before barrier
before barrier
after barrier
after barrier

 Initializing OP2
after barrier
after barrier
after barrier
after barrier
after barrier
after barrier
initialising flow field
reading in grid 
Global number of nodes, cells, edges, bedges = 721801, 720000, 1438600, 2800
Number of nodes, cells, edges, bedges on process 0 = 90226, 90000, 179825, 350
Max total file read time = 1.573562

  OP diagnostic output
  --------------------

       set       size
  -------------------
     nodes      90226
     edges     179825
    bedges        350
     cells      90000

       map        dim       from         to
  -----------------------------------------
     pedge          2      edges      nodes
    pecell          2      edges      cells
    pbedge          2     bedges      nodes
   pbecell          1     bedges      cells
     pcell          4      cells      nodes

       dat        dim        set
  ------------------------------
   p_bound          1     bedges
       p_x          2      nodes
       p_q          4      cells
    p_qold          4      cells
     p_adt          1      cells
     p_res          4      cells

before partition!
OP2 Library Not built with Partitioning Library : PTSCOTCH
Ignoring input routine : KWAY
Ignoring input mapping : cells
Ignoring input mapping : pecell
Ignoring input data : p_x
Reverting to trivial block partitioning

  OP diagnostic output
  --------------------

       set       size
  -------------------
     nodes      90225
     edges     179825
    bedges        350
     cells      90000

       map        dim       from         to
  -----------------------------------------
     pedge          2      edges      nodes
    pecell          2      edges      cells
    pbedge          2     bedges      nodes
   pbecell          1     bedges      cells
     pcell          4      cells      nodes

       dat        dim        set
  ------------------------------
   p_bound          1     bedges
       p_x          2      nodes
       p_q          4      cells
    p_qold          4      cells
     p_adt          1      cells
     p_res          4      cells

before partition!

  OP diagnostic output
  --------------------

       set       size
  -------------------
     nodes      90225
     edges     179825
    bedges        350
     cells      90000

       map        dim       from         to
  -----------------------------------------
     pedge          2      edges      nodes
    pecell          2      edges      cells
    pbedge          2     bedges      nodes
   pbecell          1     bedges      cells
     pcell          4      cells      nodes

       dat        dim        set
  ------------------------------
   p_bound          1     bedges
       p_x          2      nodes
       p_q          4      cells
    p_qold          4      cells
     p_adt          1      cells
     p_res          4      cells

before partition!

  OP diagnostic output
  --------------------

       set       size
  -------------------
     nodes      90225
     edges     179825
    bedges        350
     cells      90000

       map        dim       from         to
  -----------------------------------------
     pedge          2      edges      nodes
    pecell          2      edges      cells
    pbedge          2     bedges      nodes
   pbecell          1     bedges      cells
     pcell          4      cells      nodes

       dat        dim        set
  ------------------------------
   p_bound          1     bedges
       p_x          2      nodes
       p_q          4      cells
    p_qold          4      cells
     p_adt          1      cells
     p_res          4      cells

before partition!

  OP diagnostic output
  --------------------

       set       size
  -------------------
     nodes      90225
     edges     179825
    bedges        350
     cells      90000

       map        dim       from         to
  -----------------------------------------
     pedge          2      edges      nodes
    pecell          2      edges      cells
    pbedge          2     bedges      nodes
   pbecell          1     bedges      cells
     pcell          4      cells      nodes

       dat        dim        set
  ------------------------------
   p_bound          1     bedges
       p_x          2      nodes
       p_q          4      cells
    p_qold          4      cells
     p_adt          1      cells
     p_res          4      cells

before partition!

  OP diagnostic output
  --------------------

       set       size
  -------------------
     nodes      90225
     edges     179825
    bedges        350
     cells      90000

       map        dim       from         to
  -----------------------------------------
     pedge          2      edges      nodes
    pecell          2      edges      cells
    pbedge          2     bedges      nodes
   pbecell          1     bedges      cells
     pcell          4      cells      nodes

       dat        dim        set
  ------------------------------
   p_bound          1     bedges
       p_x          2      nodes
       p_q          4      cells
    p_qold          4      cells
     p_adt          1      cells
     p_res          4      cells

before partition!

  OP diagnostic output
  --------------------

       set       size
  -------------------
     nodes      90225
     edges     179825
    bedges        350
     cells      90000

       map        dim       from         to
  -----------------------------------------
     pedge          2      edges      nodes
    pecell          2      edges      cells
    pbedge          2     bedges      nodes
   pbecell          1     bedges      cells
     pcell          4      cells      nodes

       dat        dim        set
  ------------------------------
   p_bound          1     bedges
       p_x          2      nodes
       p_q          4      cells
    p_qold          4      cells
     p_adt          1      cells
     p_res          4      cells

before partition!

  OP diagnostic output
  --------------------

       set       size
  -------------------
     nodes      90225
     edges     179825
    bedges        350
     cells      90000

       map        dim       from         to
  -----------------------------------------
     pedge          2      edges      nodes
    pecell          2      edges      cells
    pbedge          2     bedges      nodes
   pbecell          1     bedges      cells
     pcell          4      cells      nodes

       dat        dim        set
  ------------------------------
   p_bound          1     bedges
       p_x          2      nodes
       p_q          4      cells
    p_qold          4      cells
     p_adt          1      cells
     p_res          4      cells

before partition!
Num of    nodes (avg | min | max)
total elems              90225      90225      90226
core elems              90225      90225      90226 
exec halo elems              0          0          0 
non-exec halo elems       2466       1202       2878 
-----------------------------------------------------
Num of    edges (avg | min | max)
total elems             179825     179825     179825
core elems             177650     177275     178076 
exec halo elems           2174        650       2850 
non-exec halo elems          0          0          0 
-----------------------------------------------------
Num of   bedges (avg | min | max)
total elems                350        350        350
core elems                 62          0        350 
exec halo elems            289         76       1351 
non-exec halo elems          0          0          0 
-----------------------------------------------------
Num of    cells (avg | min | max)
total elems              90000      90000      90000
core elems              88949      88949      88950 
exec halo elems           1050        150       1351 
non-exec halo elems       1335       1049       1400 
-----------------------------------------------------


MPI neighbors for exchanging    nodes (avg | min | max)
exec halo elems        0    0    0
non-exec halo elems    3    1    6
-----------------------------------------------------
MPI neighbors for exchanging    edges (avg | min | max)
exec halo elems        1    1    2
non-exec halo elems    0    0    0
-----------------------------------------------------
MPI neighbors for exchanging   bedges (avg | min | max)
exec halo elems        2    1    5
non-exec halo elems    0    0    0
-----------------------------------------------------
MPI neighbors for exchanging    cells (avg | min | max)
exec halo elems        1    1    2
non-exec halo elems    3    1    6
-----------------------------------------------------
Max total halo creation time = 0.199411
Average (worst case) Halo size = 288842 Bytes
Dat:     p_q: Rank 0 export remote info --- other rank: 1, receive_offset:     304 at recv offset addr 0x1156f10 export exec list ptr 0x2721750
Dat:  p_qold: Rank 0 export remote info --- other rank: 1, receive_offset:   43536 at recv offset addr 0x1156fb0 export exec list ptr 0x2721750
Dat:   p_adt: Rank 0 export remote info --- other rank: 1, receive_offset:   86768 at recv offset addr 0xfa98a0 export exec list ptr 0x2721750
Dat:   p_res: Rank 0 export remote info --- other rank: 1, receive_offset:   97576 at recv offset addr 0x6fe6b30 export exec list ptr 0x2721750
Passed end barrier
Rank 0 segment sizes:
 - EEH: 109200b 
 - ENH 58744b 
 - IEH 16508b 
 - INH 128328b 
 - MSC 1048576b 
Dat: p_bound: Rank 5 export remote info --- other rank: 7, receive_offset:    3304 at recv offset addr 0xce7290 export exec list ptr 0x35b0790
Dat:     p_q: Rank 5 export remote info --- other rank: 4, receive_offset:   19808 at recv offset addr 0x499afc0 export exec list ptr 0xd0bc20
Dat:     p_q: Rank 5 export remote info --- other rank: 6, receive_offset:     304 at recv offset addr 0x499afc8 export exec list ptr 0xd0bc20
Dat:  p_qold: Rank 5 export remote info --- other rank: 4, receive_offset:   63040 at recv offset addr 0x499b040 export exec list ptr 0xd0bc20
Dat:  p_qold: Rank 5 export remote info --- other rank: 6, receive_offset:   43536 at recv offset addr 0x499b048 export exec list ptr 0xd0bc20
Dat:   p_adt: Rank 5 export remote info --- other rank: 4, receive_offset:   91872 at recv offset addr 0x499b0c0 export exec list ptr 0xd0bc20
Dat:   p_adt: Rank 5 export remote info --- other rank: 6, receive_offset:   86768 at recv offset addr 0x499b0c8 export exec list ptr 0xd0bc20
Dat:   p_res: Rank 5 export remote info --- other rank: 4, receive_offset:  117080 at recv offset addr 0x499b140 export exec list ptr 0xd0bc20
Dat:   p_res: Rank 5 export remote info --- other rank: 6, receive_offset:   97576 at recv offset addr 0x499b148 export exec list ptr 0xd0bc20
Passed end barrier
Rank 5 segment sizes:
 - EEH: 110704b 
 - ENH 199840b 
 - IEH 141112b 
 - INH 189576b 
 - MSC 1048576b 
Dat: p_bound: Rank 7 export remote info --- other rank: 0, receive_offset:     500 at recv offset addr 0x3685df0 export exec list ptr 0x420fdf0
Dat: p_bound: Rank 7 export remote info --- other rank: 1, receive_offset:       0 at recv offset addr 0x3685df8 export exec list ptr 0x420fdf0
Dat: p_bound: Rank 7 export remote info --- other rank: 2, receive_offset:     304 at recv offset addr 0x3685e00 export exec list ptr 0x420fdf0
Dat: p_bound: Rank 7 export remote info --- other rank: 3, receive_offset:     304 at recv offset addr 0x3685e08 export exec list ptr 0x420fdf0
Dat: p_bound: Rank 7 export remote info --- other rank: 4, receive_offset:     408 at recv offset addr 0x3685e10 export exec list ptr 0x420fdf0
Dat:     p_q: Rank 7 export remote info --- other rank: 6, receive_offset:    9904 at recv offset addr 0x5c11af0 export exec list ptr 0x21e0c20
Dat:  p_qold: Rank 7 export remote info --- other rank: 6, receive_offset:   53136 at recv offset addr 0x21dca30 export exec list ptr 0x21e0c20
Dat:   p_adt: Rank 7 export remote info --- other rank: 6, receive_offset:   89168 at recv offset addr 0x2a42d30 export exec list ptr 0x21e0c20
Dat:   p_res: Rank 7 export remote info --- other rank: 6, receive_offset:  107176 at recv offset addr 0x5c11ad0 export exec list ptr 0x21e0c20
Passed end barrier
Rank 7 segment sizes:
 - EEH: 110720b 
 - ENH 196464b 
 - IEH 21004b 
 - INH 176848b 
 - MSC 1048576b 
Dat: p_bound: Rank 1 export remote info --- other rank: 0, receive_offset:       0 at recv offset addr 0x419d030 export exec list ptr 0x27bbea0
Dat: p_bound: Rank 1 export remote info --- other rank: 2, receive_offset:       0 at recv offset addr 0x419d038 export exec list ptr 0x27bbea0
Dat: p_bound: Rank 1 export remote info --- other rank: 3, receive_offset:       0 at recv offset addr 0x419d040 export exec list ptr 0x27bbea0
Dat: p_bound: Rank 1 export remote info --- other rank: 4, receive_offset:       0 at recv offset addr 0x419d048 export exec list ptr 0x27bbea0
Dat:     p_q: Rank 1 export remote info --- other rank: 0, receive_offset:     804 at recv offset addr 0x9e4a80 export exec list ptr 0x27bbf70
Dat:     p_q: Rank 1 export remote info --- other rank: 2, receive_offset:     608 at recv offset addr 0x9e4a88 export exec list ptr 0x27bbf70
Dat:  p_qold: Rank 1 export remote info --- other rank: 0, receive_offset:    5636 at recv offset addr 0xbe1ec0 export exec list ptr 0x27bbf70
Dat:  p_qold: Rank 1 export remote info --- other rank: 2, receive_offset:   43840 at recv offset addr 0xbe1ec8 export exec list ptr 0x27bbf70
Dat:   p_adt: Rank 1 export remote info --- other rank: 0, receive_offset:   10468 at recv offset addr 0x2ce9d20 export exec list ptr 0x27bbf70
Dat:   p_adt: Rank 1 export remote info --- other rank: 2, receive_offset:   87072 at recv offset addr 0x2ce9d28 export exec list ptr 0x27bbf70
Dat:   p_res: Rank 1 export remote info --- other rank: 0, receive_offset:   11676 at recv offset addr 0x2ce9dd0 export exec list ptr 0x27bbf70
Dat:   p_res: Rank 1 export remote info --- other rank: 2, receive_offset:   97880 at recv offset addr 0x2ce9dd8 export exec list ptr 0x27bbf70
Passed end barrier
Rank 1 segment sizes:
 - EEH: 110416b 
 - ENH 187760b 
 - IEH 140808b 
 - INH 180352b 
 - MSC 1048576b 
Dat: p_bound: Rank 4 export remote info --- other rank: 7, receive_offset:    1904 at recv offset addr 0x5b2ab40 export exec list ptr 0x3dfa910
Dat:     p_q: Rank 4 export remote info --- other rank: 3, receive_offset:   24608 at recv offset addr 0x3dfa680 export exec list ptr 0x3dfa9e0
Dat:     p_q: Rank 4 export remote info --- other rank: 5, receive_offset:     608 at recv offset addr 0x3dfa688 export exec list ptr 0x3dfa9e0
Dat:  p_qold: Rank 4 export remote info --- other rank: 3, receive_offset:   67840 at recv offset addr 0x27fffe0 export exec list ptr 0x3dfa9e0
Dat:  p_qold: Rank 4 export remote info --- other rank: 5, receive_offset:   43840 at recv offset addr 0x27fffe8 export exec list ptr 0x3dfa9e0
Dat:   p_adt: Rank 4 export remote info --- other rank: 3, receive_offset:   93072 at recv offset addr 0x3dfa580 export exec list ptr 0x3dfa9e0
Dat:   p_adt: Rank 4 export remote info --- other rank: 5, receive_offset:   87072 at recv offset addr 0x3dfa588 export exec list ptr 0x3dfa9e0
Dat:   p_res: Rank 4 export remote info --- other rank: 3, receive_offset:  121880 at recv offset addr 0x3a14c10 export exec list ptr 0x3dfa9e0
Dat:   p_res: Rank 4 export remote info --- other rank: 5, receive_offset:   97880 at recv offset addr 0x3a14c18 export exec list ptr 0x3dfa9e0
Passed end barrier
Rank 4 segment sizes:
 - EEH: 110704b 
 - ENH 196792b 
 - IEH 141112b 
 - INH 189576b 
 - MSC 1048576b 
Dat: p_bound: Rank 6 export remote info --- other rank: 4, receive_offset:     304 at recv offset addr 0x922920 export exec list ptr 0xad6060
Dat: p_bound: Rank 6 export remote info --- other rank: 5, receive_offset:     304 at recv offset addr 0x922928 export exec list ptr 0xad6060
Dat: p_bound: Rank 6 export remote info --- other rank: 7, receive_offset:    4704 at recv offset addr 0x922930 export exec list ptr 0xad6060
Dat:     p_q: Rank 6 export remote info --- other rank: 5, receive_offset:   15008 at recv offset addr 0x2206ea0 export exec list ptr 0x2c68ea0
Dat:     p_q: Rank 6 export remote info --- other rank: 7, receive_offset:    5404 at recv offset addr 0x2206ea8 export exec list ptr 0x2c68ea0
Dat:  p_qold: Rank 6 export remote info --- other rank: 5, receive_offset:   58240 at recv offset addr 0x2206f20 export exec list ptr 0x2c68ea0
Dat:  p_qold: Rank 6 export remote info --- other rank: 7, receive_offset:   10204 at recv offset addr 0x2206f28 export exec list ptr 0x2c68ea0
Dat:   p_adt: Rank 6 export remote info --- other rank: 5, receive_offset:   90672 at recv offset addr 0x2206fd0 export exec list ptr 0x2c68ea0
Dat:   p_adt: Rank 6 export remote info --- other rank: 7, receive_offset:   15004 at recv offset addr 0x2206fd8 export exec list ptr 0x2c68ea0
Dat:   p_res: Rank 6 export remote info --- other rank: 5, receive_offset:  112280 at recv offset addr 0x4de1cd0 export exec list ptr 0x2c68ea0
Dat:   p_res: Rank 6 export remote info --- other rank: 7, receive_offset:   16204 at recv offset addr 0x4de1cd8 export exec list ptr 0x2c68ea0
Passed end barrier
Rank 6 segment sizes:
 - EEH: 110412b 
 - ENH 194160b 
 - IEH 140808b 
 - INH 183432b 
 - MSC 1048576b 
Dat: p_bound: Rank 2 export remote info --- other rank: 4, receive_offset:       4 at recv offset addr 0x11831d0 export exec list ptr 0x1183bb0
Dat: p_bound: Rank 2 export remote info --- other rank: 5, receive_offset:       0 at recv offset addr 0x11831d8 export exec list ptr 0x1183bb0
Dat: p_bound: Rank 2 export remote info --- other rank: 6, receive_offset:       0 at recv offset addr 0x11831e0 export exec list ptr 0x1183bb0
Dat: p_bound: Rank 2 export remote info --- other rank: 7, receive_offset:       0 at recv offset addr 0x11831e8 export exec list ptr 0x1183bb0
Dat:     p_q: Rank 2 export remote info --- other rank: 1, receive_offset:   33904 at recv offset addr 0x3eb9cb0 export exec list ptr 0x1183c80
Dat:     p_q: Rank 2 export remote info --- other rank: 3, receive_offset:     608 at recv offset addr 0x3eb9cb8 export exec list ptr 0x1183c80
Dat:  p_qold: Rank 2 export remote info --- other rank: 1, receive_offset:   77136 at recv offset addr 0xf3b770 export exec list ptr 0x1183c80
Dat:  p_qold: Rank 2 export remote info --- other rank: 3, receive_offset:   43840 at recv offset addr 0xf3b778 export exec list ptr 0x1183c80
Dat:   p_adt: Rank 2 export remote info --- other rank: 1, receive_offset:   95168 at recv offset addr 0x3edaf40 export exec list ptr 0x1183c80
Dat:   p_adt: Rank 2 export remote info --- other rank: 3, receive_offset:   87072 at recv offset addr 0x3edaf48 export exec list ptr 0x1183c80
Dat:   p_res: Rank 2 export remote info --- other rank: 1, receive_offset:  131176 at recv offset addr 0x3edafc0 export exec list ptr 0x1183c80
Dat:   p_res: Rank 2 export remote info --- other rank: 3, receive_offset:   97880 at recv offset addr 0x3edafc8 export exec list ptr 0x1183c80
Passed end barrier
Rank 2 segment sizes:
 - EEH: 110716b 
 - ENH 196640b 
 - IEH 141112b 
 - INH 189472b 
 - MSC 1048576b 
Dat: p_bound: Rank 3 export remote info --- other rank: 7, receive_offset:     504 at recv offset addr 0x1ff5fe0 export exec list ptr 0x2918f00
Dat:     p_q: Rank 3 export remote info --- other rank: 2, receive_offset:   29408 at recv offset addr 0x2939690 export exec list ptr 0x20faaf0
Dat:     p_q: Rank 3 export remote info --- other rank: 4, receive_offset:     608 at recv offset addr 0x2939698 export exec list ptr 0x20faaf0
Dat:  p_qold: Rank 3 export remote info --- other rank: 2, receive_offset:   72640 at recv offset addr 0x29396f0 export exec list ptr 0x20faaf0
Dat:  p_qold: Rank 3 export remote info --- other rank: 4, receive_offset:   43840 at recv offset addr 0x29396f8 export exec list ptr 0x20faaf0
Dat:   p_adt: Rank 3 export remote info --- other rank: 2, receive_offset:   94272 at recv offset addr 0x3c55fe0 export exec list ptr 0x20faaf0
Dat:   p_adt: Rank 3 export remote info --- other rank: 4, receive_offset:   87072 at recv offset addr 0x3c55fe8 export exec list ptr 0x20faaf0
Dat:   p_res: Rank 3 export remote info --- other rank: 2, receive_offset:  126680 at recv offset addr 0x441bd30 export exec list ptr 0x20faaf0
Dat:   p_res: Rank 3 export remote info --- other rank: 4, receive_offset:   97880 at recv offset addr 0x441bd38 export exec list ptr 0x20faaf0
Passed end barrier
Rank 3 segment sizes:
 - EEH: 110704b 
 - ENH 196760b 
 - IEH 141112b 
 - INH 189576b 
 - MSC 1048576b 
proc 0 finished GPI initialisation.
after partition!
proc 5 finished GPI initialisation.
after partition!
proc 7 finished GPI initialisation.
after partition!
proc 2 finished GPI initialisation.
after partition!
proc 3 finished GPI initialisation.
after partition!
proc 1 finished GPI initialisation.
after partition!
proc 4 finished GPI initialisation.
after partition!
proc 6 finished GPI initialisation.
after partition!
Waiting for queue...
Waiting for queue...
Waiting for queue...
Waiting for queue...
Waiting for queue...
Waiting for queue...
Waiting for queue...
Waiting for queue...
Waiting for queue...
Waiting for queue...
Waiting for queue...
Waiting for queue...
Waiting for queue...
Waiting for queue...
Waiting for queue...
Waiting for queue...
Waiting for queue...
Waiting for queue...
Waiting for queue...
Waiting for queue...
Waiting for queue...
Waiting for queue...
Waiting for queue...
Waiting for queue...
Waiting for queue...
Waiting for queue...
Waiting for queue...
 100  5.02186e-04 
Waiting for queue...
Waiting for queue...
Waiting for queue...
Waiting for queue...
Waiting for queue...
Waiting for queue...
Waiting for queue...
Waiting for queue...
Waiting for queue...
Waiting for queue...
Waiting for queue...
Waiting for queue...
Waiting for queue...
Waiting for queue...
Waiting for queue...
Waiting for queue...
Waiting for queue...
Waiting for queue...
Waiting for queue...
Waiting for queue...
Waiting for queue...
Waiting for queue...
Waiting for queue...
Waiting for queue...
Waiting for queue...
Waiting for queue...
Waiting for queue...
Waiting for queue...
Waiting for queue...
Waiting for queue...
Waiting for queue...
Waiting for queue...
Waiting for queue...
 200  3.41746e-04 
Waiting for queue...
Waiting for queue...
Waiting for queue...
Waiting for queue...
Waiting for queue...
Waiting for queue...
Waiting for queue...
Waiting for queue...
Waiting for queue...
Waiting for queue...
Waiting for queue...
Waiting for queue...
Waiting for queue...
Waiting for queue...
Waiting for queue...
Waiting for queue...
Waiting for queue...
Waiting for queue...
Waiting for queue...
Waiting for queue...
Waiting for queue...
Waiting for queue...
Waiting for queue...
Waiting for queue...
Waiting for queue...
Waiting for queue...
Waiting for queue...
Waiting for queue...
Waiting for queue...
Waiting for queue...
Waiting for queue...
Waiting for queue...
Waiting for queue...
Waiting for queue...
 300  2.63430e-04 
Waiting for queue...
Waiting for queue...
Waiting for queue...
Waiting for queue...
Waiting for queue...
Waiting for queue...
Waiting for queue...
Waiting for queue...
Waiting for queue...
Waiting for queue...
Waiting for queue...
Waiting for queue...
Waiting for queue...
Waiting for queue...
Waiting for queue...
Waiting for queue...
Waiting for queue...
Waiting for queue...
Waiting for queue...
Waiting for queue...
Waiting for queue...
Waiting for queue...
Waiting for queue...
Waiting for queue...
Waiting for queue...
Waiting for queue...
Waiting for queue...
Waiting for queue...
Waiting for queue...
Waiting for queue...
Waiting for queue...
Waiting for queue...
 400  2.16288e-04 
Waiting for queue...
Waiting for queue...
Waiting for queue...
Waiting for queue...
Waiting for queue...
Waiting for queue...
Waiting for queue...
Waiting for queue...
Waiting for queue...
Waiting for queue...
Waiting for queue...
Waiting for queue...
Waiting for queue...
Waiting for queue...
Waiting for queue...
Waiting for queue...
Waiting for queue...
Waiting for queue...
Waiting for queue...
Waiting for queue...
Waiting for queue...
Waiting for queue...
Waiting for queue...
Waiting for queue...
Waiting for queue...
Waiting for queue...
Waiting for queue...
Waiting for queue...
Waiting for queue...
Waiting for queue...
Waiting for queue...
Waiting for queue...
Waiting for queue...
Waiting for queue...
 500  1.84659e-04 
Waiting for queue...
Waiting for queue...
Waiting for queue...
Waiting for queue...
Waiting for queue...
Waiting for queue...
Waiting for queue...
Waiting for queue...
Waiting for queue...
Waiting for queue...
Waiting for queue...
Waiting for queue...
Waiting for queue...
Waiting for queue...
Waiting for queue...
Waiting for queue...
Waiting for queue...
Waiting for queue...
Waiting for queue...
Waiting for queue...
Waiting for queue...
Waiting for queue...
Waiting for queue...
Waiting for queue...
Waiting for queue...
Waiting for queue...
Waiting for queue...
Waiting for queue...
Waiting for queue...
Waiting for queue...
Waiting for queue...
Waiting for queue...
Waiting for queue...
 600  1.60866e-04 
Waiting for queue...
Waiting for queue...
Waiting for queue...
Waiting for queue...
Waiting for queue...
Waiting for queue...
Waiting for queue...
Waiting for queue...
Waiting for queue...
Waiting for queue...
Waiting for queue...
Waiting for queue...
Waiting for queue...
Waiting for queue...
Waiting for queue...
Waiting for queue...
Waiting for queue...
Waiting for queue...
Waiting for queue...
Waiting for queue...
Waiting for queue...
Waiting for queue...
Waiting for queue...
Waiting for queue...
Waiting for queue...
Waiting for queue...
Waiting for queue...
Waiting for queue...
Waiting for queue...
Waiting for queue...
Waiting for queue...
Waiting for queue...
Waiting for queue...
 700  1.42253e-04 
Waiting for queue...
Waiting for queue...
Waiting for queue...
Waiting for queue...
Waiting for queue...
Waiting for queue...
Waiting for queue...
Waiting for queue...
Waiting for queue...
Waiting for queue...
Waiting for queue...
Waiting for queue...
Waiting for queue...
Waiting for queue...
Waiting for queue...
Waiting for queue...
Waiting for queue...
Waiting for queue...
Waiting for queue...
Waiting for queue...
Waiting for queue...
Waiting for queue...
Waiting for queue...
Waiting for queue...
Waiting for queue...
Waiting for queue...
Waiting for queue...
Waiting for queue...
Waiting for queue...
Waiting for queue...
Waiting for queue...
 800  1.27627e-04 
Waiting for queue...
Waiting for queue...
Waiting for queue...
Waiting for queue...
Waiting for queue...
Waiting for queue...
Waiting for queue...
Waiting for queue...
Waiting for queue...
Waiting for queue...
Waiting for queue...
Waiting for queue...
Waiting for queue...
Waiting for queue...
Waiting for queue...
Waiting for queue...
Waiting for queue...
Waiting for queue...
Waiting for queue...
Waiting for queue...
Waiting for queue...
Waiting for queue...
Waiting for queue...
Waiting for queue...
Waiting for queue...
Waiting for queue...
Waiting for queue...
Waiting for queue...
Waiting for queue...
Waiting for queue...
 900  1.15810e-04 
Waiting for queue...
Waiting for queue...
Waiting for queue...
Waiting for queue...
Waiting for queue...
Waiting for queue...
Waiting for queue...
Waiting for queue...
Waiting for queue...
Waiting for queue...
Waiting for queue...
Waiting for queue...
Waiting for queue...
Waiting for queue...
Waiting for queue...
Waiting for queue...
Waiting for queue...
Waiting for queue...
Waiting for queue...
Waiting for queue...
Waiting for queue...
Waiting for queue...
Waiting for queue...
Waiting for queue...
Waiting for queue...
Waiting for queue...
Waiting for queue...
Waiting for queue...
Waiting for queue...
Waiting for queue...
Waiting for queue...
Waiting for queue...
Waiting for queue...
Waiting for queue...
Waiting for queue...
 1000  1.06011e-04 
rms at iter 1000 = 1.060114637578e-04

Test problem with 720000 cells is within 2.357580797252012E-11 % of the expected solution
This test is considered PASSED
Waiting for queue...
Waiting for queue...
Waiting for queue...

airfoil_mpi.cpp
op_gpi_timing_output
Total plan time:   0.0000
___________________________________________________
Performance information on rank 0
Kernel        Count  total time(sec)  Avg time(sec)  
waitall       9000           0.0041          0.0000    
save_soln     1000           0.3953          0.0004    
adt_calc      2000           5.2662          0.0026    
memcpy        7998           0.0148          0.0000    
res_calc      2000          10.7886          0.0054    
bres_calc     2000           0.0335          0.0000    
update        2000           2.4267          0.0012    
___________________________________________________
___________________________________________________

Kernel        Count   Max time(sec)   Avg time(sec)  
waitall       9000           0.0041          0.0022    
save_soln     1000           0.3953          0.3797    
adt_calc      2000           5.2662          5.2293    
memcpy       31992           0.0260          0.0205    
res_calc      2000          10.9646         10.8845    
bres_calc     2000           0.0930          0.0399    
update        2000           2.4784          2.3801    
Max total runtime = 18.922606

airfoil_mpi.cpp
op_gpi_timing_output
___________________________________________________
Performance information on rank 1
Kernel        Count  total time(sec)  Avg time(sec)  
waitall       9000           0.0015          0.0000    
save_soln     1000           0.3752          0.0004    
adt_calc      2000           5.2547          0.0026    
memcpy       19995           0.0195          0.0000    
res_calc      2000          10.8950          0.0054    
bres_calc     2000           0.0303          0.0000    
update        2000           2.3577          0.0012    
___________________________________________________

airfoil_mpi.cpp
op_gpi_timing_output
___________________________________________________
Performance information on rank 6
Kernel        Count  total time(sec)  Avg time(sec)  
waitall       9000           0.0019          0.0000    
save_soln     1000           0.3757          0.0004    
adt_calc      2000           5.2086          0.0026    
memcpy       19995           0.0253          0.0000    
res_calc      2000          10.8918          0.0054    
bres_calc     2000           0.0320          0.0000    
update        2000           2.4056          0.0012    
___________________________________________________

airfoil_mpi.cpp
op_gpi_timing_output
___________________________________________________
Performance information on rank 7
Kernel        Count  total time(sec)  Avg time(sec)  
waitall       9000           0.0026          0.0000    
save_soln     1000           0.3793          0.0004    
adt_calc      2000           5.2251          0.0026    
memcpy       27993           0.0102          0.0000    
res_calc      2000          10.7393          0.0054    
bres_calc     2000           0.0930          0.0000    
update        2000           2.4784          0.0012    
___________________________________________________

airfoil_mpi.cpp
op_gpi_timing_output
___________________________________________________
Performance information on rank 2
Kernel        Count  total time(sec)  Avg time(sec)  
waitall       9000           0.0014          0.0000    
save_soln     1000           0.3709          0.0004    
adt_calc      2000           5.2224          0.0026    
memcpy       31992           0.0253          0.0000    
res_calc      2000          10.9646          0.0055    
bres_calc     2000           0.0313          0.0000    
update        2000           2.3251          0.0012    
___________________________________________________

airfoil_mpi.cpp
op_gpi_timing_output
___________________________________________________
Performance information on rank 3
Kernel        Count  total time(sec)  Avg time(sec)  
waitall       9000           0.0020          0.0000    
save_soln     1000           0.3914          0.0004    
adt_calc      2000           5.2252          0.0026    
memcpy       19995           0.0240          0.0000    
res_calc      2000          10.9599          0.0055    
bres_calc     2000           0.0343          0.0000    
update        2000           2.3022          0.0012    
___________________________________________________

airfoil_mpi.cpp
op_gpi_timing_output
___________________________________________________
Performance information on rank 5
Kernel        Count  total time(sec)  Avg time(sec)  
waitall       9000           0.0017          0.0000    
save_soln     1000           0.3737          0.0004    
adt_calc      2000           5.2215          0.0026    
memcpy       19995           0.0186          0.0000    
res_calc      2000          10.8857          0.0054    
bres_calc     2000           0.0333          0.0000    
update        2000           2.3998          0.0012    
___________________________________________________

airfoil_mpi.cpp
op_gpi_timing_output
___________________________________________________
Performance information on rank 4
Kernel        Count  total time(sec)  Avg time(sec)  
waitall       9000           0.0024          0.0000    
save_soln     1000           0.3760          0.0004    
adt_calc      2000           5.2109          0.0026    
memcpy       19995           0.0260          0.0000    
res_calc      2000          10.9509          0.0055    
bres_calc     2000           0.0314          0.0000    
update        2000           2.3452          0.0012    
___________________________________________________
