Sanity check
Parsed machine file
Broadcasted topology
Initialised core
before barrier
after barrier

  OP diagnostic output
  --------------------

       set       size
  -------------------
     nodes     180450
     edges     359650
    bedges        700
     cells     180000

       map        dim       from         to
  -----------------------------------------
     pedge          2      edges      nodes
    pecell          2      edges      cells
    pbedge          2     bedges      nodes
   pbecell          1     bedges      cells
     pcell          4      cells      nodes

       dat        dim        set
  ------------------------------
   p_bound          1     bedges
       p_x          2      nodes
       p_q          4      cells
    p_qold          4      cells
     p_adt          1      cells
     p_res          4      cells

before partition!
Sanity check
Parsed machine file
Broadcasted topology
Initialised core
before barrier
after barrier

 Initializing OP2
initialising flow field
reading in grid 
Global number of nodes, cells, edges, bedges = 721801, 720000, 1438600, 2800
Number of nodes, cells, edges, bedges on process 0 = 180451, 180000, 359650, 700
Max total file read time = 1.478175

  OP diagnostic output
  --------------------

       set       size
  -------------------
     nodes     180451
     edges     359650
    bedges        700
     cells     180000

       map        dim       from         to
  -----------------------------------------
     pedge          2      edges      nodes
    pecell          2      edges      cells
    pbedge          2     bedges      nodes
   pbecell          1     bedges      cells
     pcell          4      cells      nodes

       dat        dim        set
  ------------------------------
   p_bound          1     bedges
       p_x          2      nodes
       p_q          4      cells
Sanity check
Parsed machine file
Broadcasted topology
Initialised core
before barrier
after barrier

  OP diagnostic output
  --------------------

       set       size
  -------------------
     nodes     180450
     edges     359650
    bedges        700
     cells     180000

       map        dim       from         to
  -----------------------------------------
     pedge          2      edges      nodes
    pecell          2      edges      cells
    pbedge          2     bedges      nodes
   pbecell          1     bedges      cells
     pcell          4      cells      nodes

       dat        dim        set
  ------------------------------
   p_bound          1     bedges
       p_x          2      nodes
       p_q          4      cells
    p_qold          4      cells
     p_adt          1      cells
     p_res          4      cells

before partition!
    p_qold          4      cells
     p_adt          1      cells
     p_res          4      cells

before partition!
Sanity check
Parsed machine file
Broadcasted topology
Initialised core
before barrier
after barrier

  OP diagnostic output
  --------------------

       set       size
  -------------------
     nodes     180450
     edges     359650
    bedges        700
     cells     180000

       map        dim       from         to
  -----------------------------------------
     pedge          2      edges      nodes
    pecell          2      edges      cells
    pbedge          2     bedges      nodes
   pbecell          1     bedges      cells
     pcell          4      cells      nodes

       dat        dim        set
  ------------------------------
   p_bound          1     bedges
       p_x          2      nodes
       p_q          4      cells
    p_qold          4      cells
     p_adt          1      cells
     p_res          4      cells

before partition!
Dat: p_bound: Rank 2 export remote info --- other rank: 3, receive_offset:    2204 at recv offset addr 0x2b5dda0 export exec list ptr 0x1d1b330
Dat:     p_q: Rank 2 export remote info --- other rank: 1, receive_offset:   30008 at recv offset addr 0x2b5df50 export exec list ptr 0x3136dd0
Dat:     p_q: Rank 2 export remote info --- other rank: 3, receive_offset:    5004 at recv offset addr 0x2b5df58 export exec list ptr 0x3136dd0
Dat:  p_qold: Rank 2 export remote info --- other rank: 1, receive_offset:   78040 at recv offset addr 0x2b5dfd0 export exec list ptr 0x3136dd0
Dat:  p_qold: Rank 2 export remote info --- other rank: 3, receive_offset:   14604 at recv offset addr 0x2b5dfd8 export exec list ptr 0x3136dd0
Dat:   p_adt: Rank 2 export remote info --- other rank: 1, receive_offset:  104472 at recv offset addr 0x259cdf0 export exec list ptr 0x3136dd0
Dat:   p_adt: Rank 2 export remote info --- other rank: 3, receive_offset:   24204 at recv offset addr 0x259cdf8 export exec list ptr 0x3136dd0
OP2 Library Not built with Partitioning Library : PTSCOTCH
Ignoring input routine : KWAY
Ignoring input mapping : cells
Ignoring input mapping : pecell
Ignoring input data : p_x
Reverting to trivial block partitioning
Num of    nodes (avg | min | max)
total elems             180450     180450     180451
core elems             180450     180450     180451 
exec halo elems              0          0          0 
non-exec halo elems       2353       1352       3105 
-----------------------------------------------------
Num of    edges (avg | min | max)
total elems             359650     359650     359650
core elems             357800     357550     358151 
exec halo elems           1849        700       2899 
non-exec halo elems          0          0          0 
-----------------------------------------------------
Num of   bedges (avg | min | max)
total elems                700        700        700
core elems                199          0        549 
exec halo elems            501        151       1251 
Dat: p_bound: Rank 1 export remote info --- other rank: 2, receive_offset:       4 at recv offset addr 0x12cfcf0 export exec list ptr 0x1374eb0
Dat: p_bound: Rank 1 export remote info --- other rank: 3, receive_offset:       0 at recv offset addr 0x12cfcf8 export exec list ptr 0x1374eb0
Dat:     p_q: Rank 1 export remote info --- other rank: 0, receive_offset:     604 at recv offset addr 0x12cfe60 export exec list ptr 0x1374f30
Dat:     p_q: Rank 1 export remote info --- other rank: 2, receive_offset:    1208 at recv offset addr 0x12cfe68 export exec list ptr 0x1374f30
Dat:  p_qold: Rank 1 export remote info --- other rank: 0, receive_offset:   10236 at recv offset addr 0x12cfea0 export exec list ptr 0x1374f30
Dat:  p_qold: Rank 1 export remote info --- other rank: 2, receive_offset:   49240 at recv offset addr 0x12cfea8 export exec list ptr 0x1374f30
Dat:   p_adt: Rank 1 export remote info --- other rank: 0, receive_offset:   19868 at recv offset addr 0x2e04c50 export exec list ptr 0x1374f30
Dat: p_bound: Rank 3 export remote info --- other rank: 0, receive_offset:       0 at recv offset addr 0x3072f80 export exec list ptr 0x28fbec0
Dat: p_bound: Rank 3 export remote info --- other rank: 1, receive_offset:     604 at recv offset addr 0x3072f88 export exec list ptr 0x28fbec0
Dat: p_bound: Rank 3 export remote info --- other rank: 2, receive_offset:     604 at recv offset addr 0x3072f90 export exec list ptr 0x28fbec0
Dat:     p_q: Rank 3 export remote info --- other rank: 2, receive_offset:   20408 at recv offset addr 0x2609d60 export exec list ptr 0x28fbf60
Dat:  p_qold: Rank 3 export remote info --- other rank: 2, receive_offset:   68440 at recv offset addr 0x2609de0 export exec list ptr 0x28fbf60
Dat:   p_adt: Rank 3 export remote info --- other rank: 2, receive_offset:  102072 at recv offset addr 0x2609e60 export exec list ptr 0x28fbf60
Dat:   p_res: Rank 3 export remote info --- other rank: 2, receive_offset:  128480 at recv offset addr 0x2609ee0 export exec list ptr 0x28fbf60
Dat:   p_res: Rank 2 export remote info --- other rank: 1, receive_offset:  138080 at recv offset addr 0x259cf10 export exec list ptr 0x3136dd0
Dat:   p_res: Rank 2 export remote info --- other rank: 3, receive_offset:   26604 at recv offset addr 0x259cf18 export exec list ptr 0x3136dd0
Passed end barrier
non-exec halo elems          0          0          0 
-----------------------------------------------------
Num of    cells (avg | min | max)
total elems             180000     180000     180000
core elems             179099     179099     179100 
exec halo elems            900        300       1501 
non-exec halo elems       1398       1048       1599 
-----------------------------------------------------


MPI neighbors for exchanging    nodes (avg | min | max)
exec halo elems        0    0    0
non-exec halo elems    2    2    3
-----------------------------------------------------
MPI neighbors for exchanging    edges (avg | min | max)
exec halo elems        1    1    2
non-exec halo elems    0    0    0
-----------------------------------------------------
MPI neighbors for exchanging   bedges (avg | min | max)
exec halo elems        2    1    3
non-exec halo elems    0    0    0
-----------------------------------------------------
MPI neighbors for exchanging    cells (avg | min | max)
Dat:   p_adt: Rank 1 export remote info --- other rank: 2, receive_offset:   97272 at recv offset addr 0x2e04c58 export exec list ptr 0x1374f30
Dat:   p_res: Rank 1 export remote info --- other rank: 0, receive_offset:   22276 at recv offset addr 0x2e04cd0 export exec list ptr 0x1374f30
Dat:   p_res: Rank 1 export remote info --- other rank: 2, receive_offset:  109280 at recv offset addr 0x2e04cd8 export exec list ptr 0x1374f30
Passed end barrier
Passed end barrier
exec halo elems        1    1    2
non-exec halo elems    2    1    3
-----------------------------------------------------
Max total halo creation time = 0.223587
Average (worst case) Halo size = 278754 Bytes
Dat: p_bound: Rank 0 export remote info --- other rank: 1, receive_offset:       0 at recv offset addr 0x19a1cc0 export exec list ptr 0x19a1ae0
Dat: p_bound: Rank 0 export remote info --- other rank: 2, receive_offset:       0 at recv offset addr 0x19a1cc8 export exec list ptr 0x19a1ae0
Dat:     p_q: Rank 0 export remote info --- other rank: 1, receive_offset:    1208 at recv offset addr 0x19a1e70 export exec list ptr 0x1bbde60
Dat:  p_qold: Rank 0 export remote info --- other rank: 1, receive_offset:   49240 at recv offset addr 0x19a1f10 export exec list ptr 0x1bbde60
Dat:   p_adt: Rank 0 export remote info --- other rank: 1, receive_offset:   97272 at recv offset addr 0x34a0950 export exec list ptr 0x1bbde60
Dat:   p_res: Rank 0 export remote info --- other rank: 1, receive_offset:  109280 at recv offset addr 0x34a0a20 export exec list ptr 0x1bbde60
Passed end barrier
Rank 2 segment sizes:
 - EEH: 96504b 
 - ENH 233336b 
 - IEH 157312b 
 - INH 215976b 
 - MSC 1048576b 
proc 2 finished GPI initialisation.
after partition!
Rank 0 segment sizes:
 - EEH: 94208b 
 - ENH 68448b 
 - IEH 31908b 
 - INH 130624b 
 - MSC 1048576b 
proc 0 finished GPI initialisation.
after partition!
Rank 1 segment sizes:
 - EEH: 96508b 
 - ENH 230240b 
 - IEH 157312b 
 - INH 215752b 
 - MSC 1048576b 
proc 1 finished GPI initialisation.
after partition!
Rank 3 segment sizes:
 - EEH: 95516b 
 - ENH 200256b 
 - IEH 36204b 
 - INH 169928b 
 - MSC 1048576b 
proc 3 finished GPI initialisation.
after partition!
Waiting for queue...
Waiting for queue...
Waiting for queue...
Waiting for queue...
Waiting for queue...
Waiting for queue...
Waiting for queue...
Waiting for queue...
Waiting for queue...
Waiting for queue...
Waiting for queue...
Waiting for queue...
Waiting for queue...
Waiting for queue...
Waiting for queue...
Waiting for queue...
Waiting for queue...
Waiting for queue...
Waiting for queue...
Waiting for queue...
Waiting for queue...
Waiting for queue...
Waiting for queue...
Waiting for queue...
Waiting for queue...
Waiting for queue...
Waiting for queue...
Waiting for queue...
Waiting for queue...
Waiting for queue...
Waiting for queue...
Waiting for queue...
Waiting for queue...
Waiting for queue...
Waiting for queue...
Waiting for queue...
Waiting for queue...
Waiting for queue...
Waiting for queue...
Waiting for queue...
Waiting for queue...
Waiting for queue...
Waiting for queue...
Waiting for queue...
Waiting for queue...
Waiting for queue...
Waiting for queue...
Waiting for queue...
Waiting for queue...
Waiting for queue...
Waiting for queue...
Waiting for queue...
Waiting for queue...
Waiting for queue...
Waiting for queue...
Waiting for queue...
Waiting for queue...
Waiting for queue...
Waiting for queue...
Waiting for queue...
Waiting for queue...
Waiting for queue...
Waiting for queue...
Waiting for queue...
Waiting for queue...
Waiting for queue...
Waiting for queue...
Waiting for queue...
Waiting for queue...
Waiting for queue...
Waiting for queue...
Waiting for queue...
Waiting for queue...
Waiting for queue...
Waiting for queue...
Waiting for queue...
Waiting for queue...
Waiting for queue...
Waiting for queue...
Waiting for queue...
Waiting for queue...
Waiting for queue...
Waiting for queue...
Waiting for queue...
Waiting for queue...
Waiting for queue...
Waiting for queue...
Waiting for queue...
Waiting for queue...
Waiting for queue...
Waiting for queue...
Waiting for queue...
Waiting for queue...
Waiting for queue...
Waiting for queue...
Waiting for queue...
Waiting for queue...
Waiting for queue...
Waiting for queue...
Waiting for queue...
Waiting for queue...
Waiting for queue...
Waiting for queue...
Waiting for queue...
Waiting for queue...
Waiting for queue...
Waiting for queue...
Waiting for queue...
Waiting for queue...
Waiting for queue...
Waiting for queue...
Waiting for queue...
Waiting for queue...
Waiting for queue...
Waiting for queue...
Waiting for queue...

airfoil_mpi.cpp
op_gpi_timing_output
___________________________________________________
Performance information on rank 2
Kernel        Count  total time(sec)  Avg time(sec)  
waitall       9000           0.0053          0.0000    
save_soln     1000           0.9283          0.0009    
adt_calc      2000          11.0064          0.0055    
memcpy       15996           0.0478          0.0000    
res_calc      2000          23.1488          0.0116    
bres_calc     2000           0.1078          0.0001    
update        2000           4.9868          0.0025    
 100  5.02186e-04 
 200  3.41746e-04 
 300  2.63430e-04 
 400  2.16288e-04 
 500  1.84659e-04 
 600  1.60866e-04 
 700  1.42253e-04 
 800  1.27627e-04 
 900  1.15810e-04 
 1000  1.06011e-04 
rms at iter 1000 = 1.060114637578e-04

Test problem with 720000 cells is within 2.316369318577927E-11 % of the expected solution
This test is considered PASSED

airfoil_mpi.cpp
op_gpi_timing_output
Total plan time:   0.0000
___________________________________________________
Performance information on rank 0
Kernel        Count  total time(sec)  Avg time(sec)  
waitall       9000           0.0056          0.0000    
save_soln     1000           0.9349          0.0009    
adt_calc      2000          10.7330          0.0054    
memcpy        7998           0.0209          0.0000    
res_calc      2000          22.1203          0.0111    
bres_calc     2000           0.0938          0.0000    
update        2000           6.2977          0.0031    

airfoil_mpi.cpp
op_gpi_timing_output
___________________________________________________
Performance information on rank 1
Kernel        Count  total time(sec)  Avg time(sec)  
waitall       9000           0.0041          0.0000    
save_soln     1000           0.9236          0.0009    
adt_calc      2000          10.9686          0.0055    
memcpy       19995           0.0464          0.0000    
res_calc      2000          22.8157          0.0114    
bres_calc     2000           0.1001          0.0001    
update        2000           5.3710          0.0027    

airfoil_mpi.cpp
op_gpi_timing_output
___________________________________________________
Performance information on rank 3
Kernel        Count  total time(sec)  Avg time(sec)  
waitall       9000           0.0055          0.0000    
save_soln     1000           0.9200          0.0009    
adt_calc      2000          10.8837          0.0054    
memcpy       15996           0.0256          0.0000    
res_calc      2000          22.4506          0.0112    
bres_calc     2000           0.1585          0.0001    
update        2000           5.7664          0.0029    
___________________________________________________
___________________________________________________

Kernel        Count   Max time(sec)   Avg time(sec)  
waitall       9000           0.0056          0.0052    
save_soln     1000           0.9349          0.9267    
adt_calc      2000          11.0064         10.8979    
memcpy       19995           0.0478          0.0352    
res_calc      2000          23.1488         22.6338    
bres_calc     2000           0.1585          0.1151    
update        2000           6.2977          5.6055    
Max total runtime = 40.195275
___________________________________________________
___________________________________________________
___________________________________________________
