[Rank    0]: Error 11 (Resource temporarily unavailable) at (GPI2.c:641):Error: Invalid function (gaspi_proc_rank) before initialization
[Rank    0]: Error 11 (Resource temporarily unavailable) at (GPI2.c:641):Error: Invalid function (gaspi_proc_rank) before initialization
[Rank    0]: Error 11 (Resource temporarily unavailable) at (GPI2.c:641):Error: Invalid function (gaspi_proc_rank) before initialization
[Rank    0]: Error 11 (Resource temporarily unavailable) at (GPI2.c:641):Error: Invalid function (gaspi_proc_rank) before initialization
On rank 24706: function gaspi_proc_init(GPI_TIMEOUT) at src/mpi/op_mpi_decl.cpp (93) timed out.
--------------------------------------------------------------------------
MPI_ABORT was invoked on rank 0 in communicator MPI_COMM_WORLD
with errorcode 1.

NOTE: invoking MPI_ABORT causes Open MPI to kill all MPI processes.
You may or may not see output from other processes, depending on
exactly when Open MPI kills them.
--------------------------------------------------------------------------
slurmstepd: error: *** STEP 543391.0 ON node064 CANCELLED AT 2023-04-20T18:44:46 ***
srun: Job step aborted: Waiting up to 32 seconds for job step to finish.
slurmstepd: error:  mpi/pmix_v2: _errhandler: node064 [0]: pmixp_client_v2.c:211: Error handler invoked: status = -25, source = [slurm.pmix.543391.0:0]
slurmstepd: error:  mpi/pmix_v2: _errhandler: node070 [3]: pmixp_client_v2.c:211: Error handler invoked: status = -25, source = [slurm.pmix.543391.0:3]
slurmstepd: error:  mpi/pmix_v2: _errhandler: node067 [2]: pmixp_client_v2.c:211: Error handler invoked: status = -25, source = [slurm.pmix.543391.0:2]
slurmstepd: error:  mpi/pmix_v2: _errhandler: node066 [1]: pmixp_client_v2.c:211: Error handler invoked: status = -25, source = [slurm.pmix.543391.0:1]
srun: error: node070: task 3: Killed
srun: launch/slurm: _step_signal: Terminating StepId=543391.0
srun: error: node064: task 0: Exited with exit code 1
srun: error: node067: task 2: Killed
srun: error: node066: task 1: Killed
