Sanity check
Sanity check
Sanity check
Sanity check
Parsed machine file
Parsed machine file
Parsed machine file
Parsed machine file
Broadcasted topology
Broadcasted topology
Broadcasted topology
Broadcasted topology
Initialised core
Initialised core
Initialised core
Initialised core
before barrier
before barrier
before barrier
before barrier
after barrier
after barrier
after barrier

 Initializing OP2
after barrier
initialising flow field
reading in grid 
Global number of nodes, cells, edges, bedges = 721801, 720000, 1438600, 2800
Number of nodes, cells, edges, bedges on process 0 = 180451, 180000, 359650, 700
Max total file read time = 1.576258

  OP diagnostic output
  --------------------

       set       size
  -------------------
     nodes     180451
     edges     359650
    bedges        700
     cells     180000

       map        dim       from         to
  -----------------------------------------
     pedge          2      edges      nodes
    pecell          2      edges      cells
    pbedge          2     bedges      nodes
   pbecell          1     bedges      cells
     pcell          4      cells      nodes

       dat        dim        set
  ------------------------------
   p_bound          1     bedges
       p_x          2      nodes
       p_q          4      cells
    p_qold          4      cells
     p_adt          1      cells
     p_res          4      cells

before partition!
OP2 Library Not built with Partitioning Library : PTSCOTCH
Ignoring input routine : KWAY
Ignoring input mapping : cells
Ignoring input mapping : pecell
Ignoring input data : p_x
Reverting to trivial block partitioning

  OP diagnostic output
  --------------------

       set       size
  -------------------
     nodes     180450
     edges     359650
    bedges        700
     cells     180000

       map        dim       from         to
  -----------------------------------------
     pedge          2      edges      nodes
    pecell          2      edges      cells
    pbedge          2     bedges      nodes
   pbecell          1     bedges      cells
     pcell          4      cells      nodes

       dat        dim        set
  ------------------------------
   p_bound          1     bedges
       p_x          2      nodes
       p_q          4      cells
    p_qold          4      cells
     p_adt          1      cells
     p_res          4      cells

before partition!

  OP diagnostic output
  --------------------

       set       size
  -------------------
     nodes     180450
     edges     359650
    bedges        700
     cells     180000

       map        dim       from         to
  -----------------------------------------
     pedge          2      edges      nodes
    pecell          2      edges      cells
    pbedge          2     bedges      nodes
   pbecell          1     bedges      cells
     pcell          4      cells      nodes

       dat        dim        set
  ------------------------------
   p_bound          1     bedges
       p_x          2      nodes
       p_q          4      cells
    p_qold          4      cells
     p_adt          1      cells
     p_res          4      cells

before partition!

  OP diagnostic output
  --------------------

       set       size
  -------------------
     nodes     180450
     edges     359650
    bedges        700
     cells     180000

       map        dim       from         to
  -----------------------------------------
     pedge          2      edges      nodes
    pecell          2      edges      cells
    pbedge          2     bedges      nodes
   pbecell          1     bedges      cells
     pcell          4      cells      nodes

       dat        dim        set
  ------------------------------
   p_bound          1     bedges
       p_x          2      nodes
       p_q          4      cells
    p_qold          4      cells
     p_adt          1      cells
     p_res          4      cells

before partition!
Num of    nodes (avg | min | max)
total elems             180450     180450     180451
core elems             180450     180450     180451 
exec halo elems              0          0          0 
non-exec halo elems       2353       1352       3105 
-----------------------------------------------------
Num of    edges (avg | min | max)
total elems             359650     359650     359650
core elems             357800     357550     358151 
exec halo elems           1849        700       2899 
non-exec halo elems          0          0          0 
-----------------------------------------------------
Num of   bedges (avg | min | max)
total elems                700        700        700
core elems                199          0        549 
exec halo elems            501        151       1251 
non-exec halo elems          0          0          0 
-----------------------------------------------------
Num of    cells (avg | min | max)
total elems             180000     180000     180000
core elems             179099     179099     179100 
exec halo elems            900        300       1501 
non-exec halo elems       1398       1048       1599 
-----------------------------------------------------


MPI neighbors for exchanging    nodes (avg | min | max)
exec halo elems        0    0    0
non-exec halo elems    2    2    3
-----------------------------------------------------
MPI neighbors for exchanging    edges (avg | min | max)
exec halo elems        1    1    2
non-exec halo elems    0    0    0
-----------------------------------------------------
MPI neighbors for exchanging   bedges (avg | min | max)
exec halo elems        2    1    3
non-exec halo elems    0    0    0
-----------------------------------------------------
MPI neighbors for exchanging    cells (avg | min | max)
exec halo elems        1    1    2
non-exec halo elems    2    1    3
-----------------------------------------------------
Max total halo creation time = 0.208886
Average (worst case) Halo size = 278754 Bytes
Dat: p_bound: Rank 0 export remote info --- other rank: 1, receive_offset:       0 at recv offset addr 0x1c62f80 export exec list ptr 0x1c62b90
Dat: p_bound: Rank 0 export remote info --- other rank: 2, receive_offset:       0 at recv offset addr 0x1c62f88 export exec list ptr 0x1c62b90
Dat:     p_q: Rank 0 export remote info --- other rank: 1, receive_offset:    1208 at recv offset addr 0x1c3cec0 export exec list ptr 0x1c62bd0
Dat:  p_qold: Rank 0 export remote info --- other rank: 1, receive_offset:   49240 at recv offset addr 0x1c3cf60 export exec list ptr 0x1c62bd0
Dat:   p_adt: Rank 0 export remote info --- other rank: 1, receive_offset:   97272 at recv offset addr 0x1c4cfe0 export exec list ptr 0x1c62bd0
Dat:   p_res: Rank 0 export remote info --- other rank: 1, receive_offset:  109280 at recv offset addr 0x25ff870 export exec list ptr 0x1c62bd0
Passed end barrier
Rank 0 segment sizes:
 - EEH: 94208b 
 - ENH 68448b 
 - IEH 31908b 
 - INH 130624b 
 - MSC 1048576b 
Dat: p_bound: Rank 1 export remote info --- other rank: 2, receive_offset:       4 at recv offset addr 0x3d83fc0 export exec list ptr 0x1426ca0
Dat: p_bound: Rank 1 export remote info --- other rank: 3, receive_offset:       0 at recv offset addr 0x3d83fc8 export exec list ptr 0x1426ca0
Dat:     p_q: Rank 1 export remote info --- other rank: 0, receive_offset:     604 at recv offset addr 0x1400e50 export exec list ptr 0x1426d40
Dat:     p_q: Rank 1 export remote info --- other rank: 2, receive_offset:    1208 at recv offset addr 0x1400e58 export exec list ptr 0x1426d40
Dat:  p_qold: Rank 1 export remote info --- other rank: 0, receive_offset:   10236 at recv offset addr 0x1400ed0 export exec list ptr 0x1426d40
Dat:  p_qold: Rank 1 export remote info --- other rank: 2, receive_offset:   49240 at recv offset addr 0x1400ed8 export exec list ptr 0x1426d40
Dat:   p_adt: Rank 1 export remote info --- other rank: 0, receive_offset:   19868 at recv offset addr 0x1ce7d10 export exec list ptr 0x1426d40
Dat:   p_adt: Rank 1 export remote info --- other rank: 2, receive_offset:   97272 at recv offset addr 0x1ce7d18 export exec list ptr 0x1426d40
Dat:   p_res: Rank 1 export remote info --- other rank: 0, receive_offset:   22276 at recv offset addr 0x1ce7d90 export exec list ptr 0x1426d40
Dat:   p_res: Rank 1 export remote info --- other rank: 2, receive_offset:  109280 at recv offset addr 0x1ce7d98 export exec list ptr 0x1426d40
Passed end barrier
Rank 1 segment sizes:
 - EEH: 96508b 
 - ENH 230240b 
 - IEH 157312b 
 - INH 215752b 
 - MSC 1048576b 
Dat: p_bound: Rank 3 export remote info --- other rank: 0, receive_offset:       0 at recv offset addr 0x1120c10 export exec list ptr 0x1162f50
Dat: p_bound: Rank 3 export remote info --- other rank: 1, receive_offset:     604 at recv offset addr 0x1120c18 export exec list ptr 0x1162f50
Dat: p_bound: Rank 3 export remote info --- other rank: 2, receive_offset:     604 at recv offset addr 0x1120c20 export exec list ptr 0x1162f50
Dat:     p_q: Rank 3 export remote info --- other rank: 2, receive_offset:   20408 at recv offset addr 0x1120dc0 export exec list ptr 0x8d65d0
Dat:  p_qold: Rank 3 export remote info --- other rank: 2, receive_offset:   68440 at recv offset addr 0x1120e40 export exec list ptr 0x8d65d0
Dat:   p_adt: Rank 3 export remote info --- other rank: 2, receive_offset:  102072 at recv offset addr 0x1120ec0 export exec list ptr 0x8d65d0
Dat:   p_res: Rank 3 export remote info --- other rank: 2, receive_offset:  128480 at recv offset addr 0x1120f40 export exec list ptr 0x8d65d0
Passed end barrier
Rank 3 segment sizes:
 - EEH: 95516b 
 - ENH 200256b 
 - IEH 36204b 
 - INH 169928b 
 - MSC 1048576b 
Dat: p_bound: Rank 2 export remote info --- other rank: 3, receive_offset:    2204 at recv offset addr 0x27d2fa0 export exec list ptr 0x42a1fb0
Dat:     p_q: Rank 2 export remote info --- other rank: 1, receive_offset:   30008 at recv offset addr 0x2fffab0 export exec list ptr 0x27f3c00
Dat:     p_q: Rank 2 export remote info --- other rank: 3, receive_offset:    5004 at recv offset addr 0x2fffab8 export exec list ptr 0x27f3c00
Dat:  p_qold: Rank 2 export remote info --- other rank: 1, receive_offset:   78040 at recv offset addr 0x2fffb30 export exec list ptr 0x27f3c00
Dat:  p_qold: Rank 2 export remote info --- other rank: 3, receive_offset:   14604 at recv offset addr 0x2fffb38 export exec list ptr 0x27f3c00
Dat:   p_adt: Rank 2 export remote info --- other rank: 1, receive_offset:  104472 at recv offset addr 0x2fffc00 export exec list ptr 0x27f3c00
Dat:   p_adt: Rank 2 export remote info --- other rank: 3, receive_offset:   24204 at recv offset addr 0x2fffc08 export exec list ptr 0x27f3c00
Dat:   p_res: Rank 2 export remote info --- other rank: 1, receive_offset:  138080 at recv offset addr 0x26dace0 export exec list ptr 0x27f3c00
Dat:   p_res: Rank 2 export remote info --- other rank: 3, receive_offset:   26604 at recv offset addr 0x26dace8 export exec list ptr 0x27f3c00
Passed end barrier
Rank 2 segment sizes:
 - EEH: 96504b 
 - ENH 233336b 
 - IEH 157312b 
 - INH 215976b 
 - MSC 1048576b 
proc 0 finished GPI initialisation.
after partition!
proc 3 finished GPI initialisation.
after partition!
proc 1 finished GPI initialisation.
after partition!
proc 2 finished GPI initialisation.
after partition!
Waiting for queue...
Waiting for queue...
Waiting for queue...
Waiting for queue...
Waiting for queue...
Waiting for queue...
Waiting for queue...
Waiting for queue...
Waiting for queue...
Waiting for queue...
 100  5.02186e-04 
Waiting for queue...
Waiting for queue...
Waiting for queue...
Waiting for queue...
Waiting for queue...
Waiting for queue...
Waiting for queue...
Waiting for queue...
Waiting for queue...
Waiting for queue...
Waiting for queue...
 200  3.41746e-04 
Waiting for queue...
Waiting for queue...
Waiting for queue...
Waiting for queue...
Waiting for queue...
Waiting for queue...
Waiting for queue...
Waiting for queue...
Waiting for queue...
Waiting for queue...
Waiting for queue...
Waiting for queue...
Waiting for queue...
 300  2.63430e-04 
Waiting for queue...
Waiting for queue...
Waiting for queue...
Waiting for queue...
Waiting for queue...
Waiting for queue...
Waiting for queue...
Waiting for queue...
Waiting for queue...
Waiting for queue...
Waiting for queue...
 400  2.16288e-04 
Waiting for queue...
Waiting for queue...
Waiting for queue...
Waiting for queue...
Waiting for queue...
Waiting for queue...
Waiting for queue...
Waiting for queue...
Waiting for queue...
Waiting for queue...
Waiting for queue...
 500  1.84659e-04 
Waiting for queue...
Waiting for queue...
Waiting for queue...
Waiting for queue...
Waiting for queue...
Waiting for queue...
Waiting for queue...
Waiting for queue...
Waiting for queue...
Waiting for queue...
Waiting for queue...
Waiting for queue...
Waiting for queue...
 600  1.60866e-04 
Waiting for queue...
Waiting for queue...
Waiting for queue...
Waiting for queue...
Waiting for queue...
Waiting for queue...
Waiting for queue...
Waiting for queue...
Waiting for queue...
Waiting for queue...
Waiting for queue...
 700  1.42253e-04 
Waiting for queue...
Waiting for queue...
Waiting for queue...
Waiting for queue...
Waiting for queue...
Waiting for queue...
Waiting for queue...
Waiting for queue...
Waiting for queue...
Waiting for queue...
Waiting for queue...
 800  1.27627e-04 
Waiting for queue...
Waiting for queue...
Waiting for queue...
Waiting for queue...
Waiting for queue...
Waiting for queue...
Waiting for queue...
Waiting for queue...
Waiting for queue...
Waiting for queue...
Waiting for queue...
Waiting for queue...
Waiting for queue...
Waiting for queue...
 900  1.15810e-04 
Waiting for queue...
Waiting for queue...
Waiting for queue...
Waiting for queue...
Waiting for queue...
Waiting for queue...
Waiting for queue...
Waiting for queue...
Waiting for queue...
Waiting for queue...
 1000  1.06011e-04 
rms at iter 1000 = 1.060114637578e-04

Test problem with 720000 cells is within 2.316369318577927E-11 % of the expected solution
This test is considered PASSED
Waiting for queue...

airfoil_mpi.cpp
op_gpi_timing_output
Total plan time:   0.0000
___________________________________________________
Performance information on rank 0
Kernel        Count  total time(sec)  Avg time(sec)  
waitall       9000           0.0053          0.0000    
save_soln     1000           0.8811          0.0009    
adt_calc      2000          10.5360          0.0053    
memcpy        7998           0.0199          0.0000    
res_calc      2000          21.6574          0.0108    
bres_calc     2000           0.0799          0.0000    
update        2000           4.6454          0.0023    
___________________________________________________
___________________________________________________

Kernel        Count   Max time(sec)   Avg time(sec)  
waitall       9000           0.0053          0.0040    
save_soln     1000           0.8811          0.8257    
adt_calc      2000          10.5360         10.4528    
memcpy       19995           0.0340          0.0263    
res_calc      2000          21.6574         21.5585    
bres_calc     2000           0.1230          0.0860    
update        2000           4.9714          4.8792    
Max total runtime = 37.815069

airfoil_mpi.cpp
op_gpi_timing_output
___________________________________________________
Performance information on rank 2
Kernel        Count  total time(sec)  Avg time(sec)  
waitall       9000           0.0037          0.0000    
save_soln     1000           0.7951          0.0008    
adt_calc      2000          10.4216          0.0052    
memcpy       15996           0.0340          0.0000    
res_calc      2000          21.5786          0.0108    
bres_calc     2000           0.0735          0.0000    
update        2000           4.9349          0.0025    
___________________________________________________

airfoil_mpi.cpp
op_gpi_timing_output
___________________________________________________
Performance information on rank 1
Kernel        Count  total time(sec)  Avg time(sec)  
waitall       9000           0.0027          0.0000    
save_soln     1000           0.7859          0.0008    
adt_calc      2000          10.4324          0.0052    
memcpy       19995           0.0311          0.0000    
res_calc      2000          21.5464          0.0108    
bres_calc     2000           0.0678          0.0000    
update        2000           4.9714          0.0025    
___________________________________________________

airfoil_mpi.cpp
op_gpi_timing_output
___________________________________________________
Performance information on rank 3
Kernel        Count  total time(sec)  Avg time(sec)  
waitall       9000           0.0044          0.0000    
save_soln     1000           0.8409          0.0008    
adt_calc      2000          10.4213          0.0052    
memcpy       15996           0.0202          0.0000    
res_calc      2000          21.4518          0.0107    
bres_calc     2000           0.1230          0.0001    
update        2000           4.9649          0.0025    
___________________________________________________
