Sanity check
Sanity check
Sanity check
Sanity check
Sanity check
Sanity check
Parsed machine file
Parsed machine file
Parsed machine file
Parsed machine file
Parsed machine file
Parsed machine file
Broadcasted topology
Broadcasted topology
Broadcasted topology
Broadcasted topology
Broadcasted topology
Broadcasted topology
Initialised core
Initialised core
Initialised core
Initialised core
Initialised core
Initialised core
before barrier
before barrier
before barrier
before barrier
before barrier
before barrier
after barrier
after barrier
after barrier
after barrier
after barrier

 Initializing OP2
after barrier
initialising flow field
reading in grid 
Global number of nodes, cells, edges, bedges = 721801, 720000, 1438600, 2800
Number of nodes, cells, edges, bedges on process 0 = 120301, 120000, 239767, 467
Max total file read time = 1.578313

  OP diagnostic output
  --------------------

       set       size
  -------------------
     nodes     120301
     edges     239767
    bedges        467
     cells     120000

       map        dim       from         to
  -----------------------------------------
     pedge          2      edges      nodes
    pecell          2      edges      cells
    pbedge          2     bedges      nodes
   pbecell          1     bedges      cells
     pcell          4      cells      nodes

       dat        dim        set
  ------------------------------
   p_bound          1     bedges
       p_x          2      nodes
       p_q          4      cells
    p_qold          4      cells
     p_adt          1      cells
     p_res          4      cells

before partition!
OP2 Library Not built with Partitioning Library : PTSCOTCH
Ignoring input routine : KWAY
Ignoring input mapping : cells
Ignoring input mapping : pecell
Ignoring input data : p_x
Reverting to trivial block partitioning

  OP diagnostic output
  --------------------

       set       size
  -------------------
     nodes     120300
     edges     239767
    bedges        467
     cells     120000

       map        dim       from         to
  -----------------------------------------
     pedge          2      edges      nodes
    pecell          2      edges      cells
    pbedge          2     bedges      nodes
   pbecell          1     bedges      cells
     pcell          4      cells      nodes

       dat        dim        set
  ------------------------------
   p_bound          1     bedges
       p_x          2      nodes
       p_q          4      cells
    p_qold          4      cells
     p_adt          1      cells
     p_res          4      cells

before partition!

  OP diagnostic output
  --------------------

       set       size
  -------------------
     nodes     120300
     edges     239767
    bedges        467
     cells     120000

       map        dim       from         to
  -----------------------------------------
     pedge          2      edges      nodes
    pecell          2      edges      cells
    pbedge          2     bedges      nodes
   pbecell          1     bedges      cells
     pcell          4      cells      nodes

       dat        dim        set
  ------------------------------
   p_bound          1     bedges
       p_x          2      nodes
       p_q          4      cells
    p_qold          4      cells
     p_adt          1      cells
     p_res          4      cells

before partition!

  OP diagnostic output
  --------------------

       set       size
  -------------------
     nodes     120300
     edges     239766
    bedges        466
     cells     120000

       map        dim       from         to
  -----------------------------------------
     pedge          2      edges      nodes
    pecell          2      edges      cells
    pbedge          2     bedges      nodes
   pbecell          1     bedges      cells
     pcell          4      cells      nodes

       dat        dim        set
  ------------------------------
   p_bound          1     bedges
       p_x          2      nodes
       p_q          4      cells
    p_qold          4      cells
     p_adt          1      cells
     p_res          4      cells

before partition!

  OP diagnostic output
  --------------------

       set       size
  -------------------
     nodes     120300
     edges     239766
    bedges        466
     cells     120000

       map        dim       from         to
  -----------------------------------------
     pedge          2      edges      nodes
    pecell          2      edges      cells
    pbedge          2     bedges      nodes
   pbecell          1     bedges      cells
     pcell          4      cells      nodes

       dat        dim        set
  ------------------------------
   p_bound          1     bedges
       p_x          2      nodes
       p_q          4      cells
    p_qold          4      cells
     p_adt          1      cells
     p_res          4      cells

before partition!

  OP diagnostic output
  --------------------

       set       size
  -------------------
     nodes     120300
     edges     239767
    bedges        467
     cells     120000

       map        dim       from         to
  -----------------------------------------
     pedge          2      edges      nodes
    pecell          2      edges      cells
    pbedge          2     bedges      nodes
   pbecell          1     bedges      cells
     pcell          4      cells      nodes

       dat        dim        set
  ------------------------------
   p_bound          1     bedges
       p_x          2      nodes
       p_q          4      cells
    p_qold          4      cells
     p_adt          1      cells
     p_res          4      cells

before partition!
Num of    nodes (avg | min | max)
total elems             120300     120300     120301
core elems             120300     120300     120301 
exec halo elems              0          0          0 
non-exec halo elems       2436       1202       2901 
-----------------------------------------------------
Num of    edges (avg | min | max)
total elems             239766     239766     239767
core elems             237700     237367     238101 
exec halo elems           2066        667       2800 
non-exec halo elems          0          0          0 
-----------------------------------------------------
Num of   bedges (avg | min | max)
total elems                466        466        467
core elems                100          0        467 
exec halo elems            367        101       1401 
non-exec halo elems          0          0          0 
-----------------------------------------------------
Num of    cells (avg | min | max)
total elems             120000     120000     120000
core elems             118999     118999     119000 
exec halo elems           1000        200       1401 
non-exec halo elems       1364        999       1466 
-----------------------------------------------------


MPI neighbors for exchanging    nodes (avg | min | max)
exec halo elems        0    0    0
non-exec halo elems    3    1    5
-----------------------------------------------------
MPI neighbors for exchanging    edges (avg | min | max)
exec halo elems        1    1    2
non-exec halo elems    0    0    0
-----------------------------------------------------
MPI neighbors for exchanging   bedges (avg | min | max)
exec halo elems        2    1    4
non-exec halo elems    0    0    0
-----------------------------------------------------
MPI neighbors for exchanging    cells (avg | min | max)
exec halo elems        1    1    2
non-exec halo elems    3    1    5
-----------------------------------------------------
Max total halo creation time = 0.548349
Average (worst case) Halo size = 286484 Bytes
proc 0 finished GPI initialisation.
proc 1 finished GPI initialisation.
proc 2 finished GPI initialisation.
proc 3 finished GPI initialisation.
proc 5 finished GPI initialisation.
proc 4 finished GPI initialisation.
 100  5.02186e-04 
 200  3.41746e-04 
 300  2.63430e-04 
 400  2.16288e-04 
 500  1.84659e-04 
 600  1.60866e-04 
 700  1.42253e-04 
 800  1.27627e-04 
 900  1.15810e-04 
 1000  1.06011e-04 
rms at iter 1000 = 1.060114637578e-04

Test problem with 720000 cells is within 1.962519036169397E-11 % of the expected solution
This test is considered PASSED

airfoil_mpi.cpp
op_gpi_timing_output
Total plan time:   0.0000
___________________________________________________
Performance information on rank 0
Kernel        Count  total time(sec)  Avg time(sec)  
waitall       9000           0.0043          0.0000    
save_soln     1000           0.4964          0.0005    
adt_calc      2000           7.0082          0.0035    
memcpy        7998           0.0130          0.0000    
res_calc      2000          14.4987          0.0072    
bres_calc     2000           0.0388          0.0000    
update        2000           4.1107          0.0021    
___________________________________________________
___________________________________________________

Kernel        Count   Max time(sec)   Avg time(sec)  
waitall       9000           0.0043          0.0030    
save_soln     1000           0.5813          0.5141    
adt_calc      2000           7.1810          7.0513    
memcpy       27993           0.0420          0.0250    
res_calc      2000          15.0839         14.7281    
bres_calc     2000           0.1027          0.0566    
update        2000           4.1107          3.8030    
Max total runtime = 26.164273

airfoil_mpi.cpp
op_gpi_timing_output
___________________________________________________
Performance information on rank 1
Kernel        Count  total time(sec)  Avg time(sec)  
waitall       9000           0.0014          0.0000    
save_soln     1000           0.4781          0.0005    
adt_calc      2000           7.0226          0.0035    
memcpy       27993           0.0201          0.0000    
res_calc      2000          14.6404          0.0073    
bres_calc     2000           0.0394          0.0000    
update        2000           3.9740          0.0020    
___________________________________________________

airfoil_mpi.cpp
op_gpi_timing_output
___________________________________________________
Performance information on rank 3
Kernel        Count  total time(sec)  Avg time(sec)  
waitall       9000           0.0035          0.0000    
save_soln     1000           0.5694          0.0006    
adt_calc      2000           7.1799          0.0036    
memcpy       19995           0.0420          0.0000    
res_calc      2000          15.0668          0.0075    
bres_calc     2000           0.0587          0.0000    
update        2000           3.2748          0.0016    
___________________________________________________

airfoil_mpi.cpp
op_gpi_timing_output
___________________________________________________
Performance information on rank 5
Kernel        Count  total time(sec)  Avg time(sec)  
waitall       9000           0.0032          0.0000    
save_soln     1000           0.4816          0.0005    
adt_calc      2000           6.9622          0.0035    
memcpy       23994           0.0146          0.0000    
res_calc      2000          14.5091          0.0073    
bres_calc     2000           0.1027          0.0001    
update        2000           4.1006          0.0021    
___________________________________________________

airfoil_mpi.cpp
op_gpi_timing_output
___________________________________________________
Performance information on rank 4
Kernel        Count  total time(sec)  Avg time(sec)  
waitall       9000           0.0022          0.0000    
save_soln     1000           0.4776          0.0005    
adt_calc      2000           6.9536          0.0035    
memcpy       15996           0.0213          0.0000    
res_calc      2000          14.5698          0.0073    
bres_calc     2000           0.0439          0.0000    
update        2000           4.1107          0.0021    
___________________________________________________

airfoil_mpi.cpp
op_gpi_timing_output
___________________________________________________
Performance information on rank 2
Kernel        Count  total time(sec)  Avg time(sec)  
waitall       9000           0.0036          0.0000    
save_soln     1000           0.5813          0.0006    
adt_calc      2000           7.1810          0.0036    
memcpy       19995           0.0392          0.0000    
res_calc      2000          15.0839          0.0075    
bres_calc     2000           0.0562          0.0000    
update        2000           3.2472          0.0016    
___________________________________________________
